<?xml version="1.0" encoding="UTF-8"?>
<testsuite xmlns:xsi="http://www.w3.org/2001/XMLSchema-instance" xsi:noNamespaceSchemaLocation="https://maven.apache.org/surefire/maven-surefire-plugin/xsd/surefire-test-report.xsd" name="org.jboss.as.controller.test.CastAttributeOperationTestCase" time="0.925" tests="5" errors="0" skipped="0" failures="0">
  <properties>
    <property name="awt.toolkit" value="sun.awt.X11.XToolkit"/>
    <property name="file.encoding.pkg" value="sun.io"/>
    <property name="java.specification.version" value="1.8"/>
    <property name="sun.jnu.encoding" value="UTF-8"/>
    <property name="user.region" value="US"/>
    <property name="java.class.path" value="/home/hudson/hudson_workspace/workspace/eap-7.x-as-testsuite-core-rhel/b485da8d/controller/target/test-classes:/home/hudson/hudson_workspace/workspace/eap-7.x-as-testsuite-core-rhel/b485da8d/controller/target/classes:/home/hudson/hudson_workspace/workspace/eap-7.x-as-testsuite-core-rhel/b485da8d/maven-repo-local/org/jboss/jboss-dmr/1.5.0.Final/jboss-dmr-1.5.0.Final.jar:/home/hudson/hudson_workspace/workspace/eap-7.x-as-testsuite-core-rhel/b485da8d/controller-client/target/wildfly-controller-client-7.0.0.Alpha3-SNAPSHOT.jar:/home/hudson/hudson_workspace/workspace/eap-7.x-as-testsuite-core-rhel/b485da8d/protocol/target/wildfly-protocol-7.0.0.Alpha3-SNAPSHOT.jar:/home/hudson/hudson_workspace/workspace/eap-7.x-as-testsuite-core-rhel/b485da8d/maven-repo-local/org/jboss/remoting/jboss-remoting/5.0.8.Final/jboss-remoting-5.0.8.Final.jar:/home/hudson/hudson_workspace/workspace/eap-7.x-as-testsuite-core-rhel/b485da8d/maven-repo-local/org/wildfly/client/wildfly-client-config/1.0.1.Final/wildfly-client-config-1.0.1.Final.jar:/home/hudson/hudson_workspace/workspace/eap-7.x-as-testsuite-core-rhel/b485da8d/maven-repo-local/org/jboss/xnio/xnio-api/3.6.5.Final/xnio-api-3.6.5.Final.jar:/home/hudson/hudson_workspace/workspace/eap-7.x-as-testsuite-core-rhel/b485da8d/maven-repo-local/org/jboss/xnio/xnio-nio/3.6.5.Final/xnio-nio-3.6.5.Final.jar:/home/hudson/hudson_workspace/workspace/eap-7.x-as-testsuite-core-rhel/b485da8d/maven-repo-local/org/jboss/threads/jboss-threads/2.3.2.Final/jboss-threads-2.3.2.Final.jar:/home/hudson/hudson_workspace/workspace/eap-7.x-as-testsuite-core-rhel/b485da8d/maven-repo-local/org/wildfly/security/wildfly-elytron/1.7.0.CR2/wildfly-elytron-1.7.0.CR2.jar:/home/hudson/hudson_workspace/workspace/eap-7.x-as-testsuite-core-rhel/b485da8d/core-security/implementation/target/wildfly-core-security-7.0.0.Alpha3-SNAPSHOT.jar:/home/hudson/hudson_workspace/workspace/eap-7.x-as-testsuite-core-rhel/b485da8d/core-security/api/target/wildfly-core-security-api-7.0.0.Alpha3-SNAPSHOT.jar:/home/hudson/hudson_workspace/workspace/eap-7.x-as-testsuite-core-rhel/b485da8d/version/target/wildfly-version-7.0.0.Alpha3-SNAPSHOT.jar:/home/hudson/hudson_workspace/workspace/eap-7.x-as-testsuite-core-rhel/b485da8d/maven-repo-local/org/jboss/modules/jboss-modules/1.8.6.Final/jboss-modules-1.8.6.Final.jar:/home/hudson/hudson_workspace/workspace/eap-7.x-as-testsuite-core-rhel/b485da8d/maven-repo-local/org/jboss/msc/jboss-msc/1.4.5.Final/jboss-msc-1.4.5.Final.jar:/home/hudson/hudson_workspace/workspace/eap-7.x-as-testsuite-core-rhel/b485da8d/maven-repo-local/org/jboss/logmanager/jboss-logmanager/2.1.4.Final/jboss-logmanager-2.1.4.Final.jar:/home/hudson/hudson_workspace/workspace/eap-7.x-as-testsuite-core-rhel/b485da8d/maven-repo-local/org/jboss/staxmapper/1.3.0.Final/staxmapper-1.3.0.Final.jar:/home/hudson/hudson_workspace/workspace/eap-7.x-as-testsuite-core-rhel/b485da8d/maven-repo-local/org/wildfly/common/wildfly-common/1.4.0.Final/wildfly-common-1.4.0.Final.jar:/home/hudson/hudson_workspace/workspace/eap-7.x-as-testsuite-core-rhel/b485da8d/maven-repo-local/org/projectodd/vdx/vdx-wildfly/1.1.6/vdx-wildfly-1.1.6.jar:/home/hudson/hudson_workspace/workspace/eap-7.x-as-testsuite-core-rhel/b485da8d/maven-repo-local/org/projectodd/vdx/vdx-core/1.1.6/vdx-core-1.1.6.jar:/home/hudson/hudson_workspace/workspace/eap-7.x-as-testsuite-core-rhel/b485da8d/maven-repo-local/org/eclipse/jgit/org.eclipse.jgit/5.0.2.201807311906-r/org.eclipse.jgit-5.0.2.201807311906-r.jar:/home/hudson/hudson_workspace/workspace/eap-7.x-as-testsuite-core-rhel/b485da8d/maven-repo-local/com/jcraft/jsch/0.1.54/jsch-0.1.54.jar:/home/hudson/hudson_workspace/workspace/eap-7.x-as-testsuite-core-rhel/b485da8d/maven-repo-local/com/jcraft/jzlib/1.1.1/jzlib-1.1.1.jar:/home/hudson/hudson_workspace/workspace/eap-7.x-as-testsuite-core-rhel/b485da8d/maven-repo-local/com/googlecode/javaewah/JavaEWAH/1.1.6/JavaEWAH-1.1.6.jar:/home/hudson/hudson_workspace/workspace/eap-7.x-as-testsuite-core-rhel/b485da8d/maven-repo-local/junit/junit/4.12/junit-4.12.jar:/home/hudson/hudson_workspace/workspace/eap-7.x-as-testsuite-core-rhel/b485da8d/maven-repo-local/org/hamcrest/hamcrest-core/1.3/hamcrest-core-1.3.jar:/home/hudson/hudson_workspace/workspace/eap-7.x-as-testsuite-core-rhel/b485da8d/maven-repo-local/org/jboss/logging/jboss-logging/3.3.2.Final/jboss-logging-3.3.2.Final.jar:/home/hudson/hudson_workspace/workspace/eap-7.x-as-testsuite-core-rhel/b485da8d/maven-repo-local/org/jboss/logging/jboss-logging-annotations/2.1.0.Final/jboss-logging-annotations-2.1.0.Final.jar:/home/hudson/hudson_workspace/workspace/eap-7.x-as-testsuite-core-rhel/b485da8d/maven-repo-local/org/jboss/logging/jboss-logging-processor/2.1.0.Final/jboss-logging-processor-2.1.0.Final.jar:/home/hudson/hudson_workspace/workspace/eap-7.x-as-testsuite-core-rhel/b485da8d/maven-repo-local/org/jboss/jdeparser/jdeparser/2.0.2.Final/jdeparser-2.0.2.Final.jar:"/>
    <property name="com.ibm.zero.version" value="2"/>
    <property name="org.jboss.model.test.classpath.cache" value="target/model-test-cache"/>
    <property name="java.vm.vendor" value="IBM Corporation"/>
    <property name="allTests" value="true"/>
    <property name="sun.arch.data.model" value="64"/>
    <property name="com.ibm.vm.bitmode" value="64"/>
    <property name="user.variant" value=""/>
    <property name="com.ibm.oti.vm.library.version" value="29"/>
    <property name="java.vendor.url" value="http://www.ibm.com"/>
    <property name="user.timezone" value="America/Chicago"/>
    <property name="os.name" value="Linux"/>
    <property name="java.vm.specification.version" value="1.8"/>
    <property name="sun.java.launcher" value="SUN_STANDARD"/>
    <property name="user.country" value="US"/>
    <property name="sun.boot.library.path" value="/home/hudson/hudson_workspace/workspace/eap-7.x-as-testsuite-core-rhel/b485da8d/tools/java/jre/lib/amd64/compressedrefs:/home/hudson/hudson_workspace/workspace/eap-7.x-as-testsuite-core-rhel/b485da8d/tools/java/jre/lib/amd64"/>
    <property name="sun.java.command" value="/home/hudson/hudson_workspace/workspace/eap-7.x-as-testsuite-core-rhel/b485da8d/controller/target/surefire/surefirebooter1424939123686038752.jar /home/hudson/hudson_workspace/workspace/eap-7.x-as-testsuite-core-rhel/b485da8d/controller/target/surefire 2018-10-03T21-53-21_337-jvmRun1 surefire7331391186474730258tmp surefire_137738103359766217072tmp"/>
    <property name="surefire.test.class.path" value="/home/hudson/hudson_workspace/workspace/eap-7.x-as-testsuite-core-rhel/b485da8d/controller/target/test-classes:/home/hudson/hudson_workspace/workspace/eap-7.x-as-testsuite-core-rhel/b485da8d/controller/target/classes:/home/hudson/hudson_workspace/workspace/eap-7.x-as-testsuite-core-rhel/b485da8d/maven-repo-local/org/jboss/jboss-dmr/1.5.0.Final/jboss-dmr-1.5.0.Final.jar:/home/hudson/hudson_workspace/workspace/eap-7.x-as-testsuite-core-rhel/b485da8d/controller-client/target/wildfly-controller-client-7.0.0.Alpha3-SNAPSHOT.jar:/home/hudson/hudson_workspace/workspace/eap-7.x-as-testsuite-core-rhel/b485da8d/protocol/target/wildfly-protocol-7.0.0.Alpha3-SNAPSHOT.jar:/home/hudson/hudson_workspace/workspace/eap-7.x-as-testsuite-core-rhel/b485da8d/maven-repo-local/org/jboss/remoting/jboss-remoting/5.0.8.Final/jboss-remoting-5.0.8.Final.jar:/home/hudson/hudson_workspace/workspace/eap-7.x-as-testsuite-core-rhel/b485da8d/maven-repo-local/org/wildfly/client/wildfly-client-config/1.0.1.Final/wildfly-client-config-1.0.1.Final.jar:/home/hudson/hudson_workspace/workspace/eap-7.x-as-testsuite-core-rhel/b485da8d/maven-repo-local/org/jboss/xnio/xnio-api/3.6.5.Final/xnio-api-3.6.5.Final.jar:/home/hudson/hudson_workspace/workspace/eap-7.x-as-testsuite-core-rhel/b485da8d/maven-repo-local/org/jboss/xnio/xnio-nio/3.6.5.Final/xnio-nio-3.6.5.Final.jar:/home/hudson/hudson_workspace/workspace/eap-7.x-as-testsuite-core-rhel/b485da8d/maven-repo-local/org/jboss/threads/jboss-threads/2.3.2.Final/jboss-threads-2.3.2.Final.jar:/home/hudson/hudson_workspace/workspace/eap-7.x-as-testsuite-core-rhel/b485da8d/maven-repo-local/org/wildfly/security/wildfly-elytron/1.7.0.CR2/wildfly-elytron-1.7.0.CR2.jar:/home/hudson/hudson_workspace/workspace/eap-7.x-as-testsuite-core-rhel/b485da8d/core-security/implementation/target/wildfly-core-security-7.0.0.Alpha3-SNAPSHOT.jar:/home/hudson/hudson_workspace/workspace/eap-7.x-as-testsuite-core-rhel/b485da8d/core-security/api/target/wildfly-core-security-api-7.0.0.Alpha3-SNAPSHOT.jar:/home/hudson/hudson_workspace/workspace/eap-7.x-as-testsuite-core-rhel/b485da8d/version/target/wildfly-version-7.0.0.Alpha3-SNAPSHOT.jar:/home/hudson/hudson_workspace/workspace/eap-7.x-as-testsuite-core-rhel/b485da8d/maven-repo-local/org/jboss/modules/jboss-modules/1.8.6.Final/jboss-modules-1.8.6.Final.jar:/home/hudson/hudson_workspace/workspace/eap-7.x-as-testsuite-core-rhel/b485da8d/maven-repo-local/org/jboss/msc/jboss-msc/1.4.5.Final/jboss-msc-1.4.5.Final.jar:/home/hudson/hudson_workspace/workspace/eap-7.x-as-testsuite-core-rhel/b485da8d/maven-repo-local/org/jboss/logmanager/jboss-logmanager/2.1.4.Final/jboss-logmanager-2.1.4.Final.jar:/home/hudson/hudson_workspace/workspace/eap-7.x-as-testsuite-core-rhel/b485da8d/maven-repo-local/org/jboss/staxmapper/1.3.0.Final/staxmapper-1.3.0.Final.jar:/home/hudson/hudson_workspace/workspace/eap-7.x-as-testsuite-core-rhel/b485da8d/maven-repo-local/org/wildfly/common/wildfly-common/1.4.0.Final/wildfly-common-1.4.0.Final.jar:/home/hudson/hudson_workspace/workspace/eap-7.x-as-testsuite-core-rhel/b485da8d/maven-repo-local/org/projectodd/vdx/vdx-wildfly/1.1.6/vdx-wildfly-1.1.6.jar:/home/hudson/hudson_workspace/workspace/eap-7.x-as-testsuite-core-rhel/b485da8d/maven-repo-local/org/projectodd/vdx/vdx-core/1.1.6/vdx-core-1.1.6.jar:/home/hudson/hudson_workspace/workspace/eap-7.x-as-testsuite-core-rhel/b485da8d/maven-repo-local/org/eclipse/jgit/org.eclipse.jgit/5.0.2.201807311906-r/org.eclipse.jgit-5.0.2.201807311906-r.jar:/home/hudson/hudson_workspace/workspace/eap-7.x-as-testsuite-core-rhel/b485da8d/maven-repo-local/com/jcraft/jsch/0.1.54/jsch-0.1.54.jar:/home/hudson/hudson_workspace/workspace/eap-7.x-as-testsuite-core-rhel/b485da8d/maven-repo-local/com/jcraft/jzlib/1.1.1/jzlib-1.1.1.jar:/home/hudson/hudson_workspace/workspace/eap-7.x-as-testsuite-core-rhel/b485da8d/maven-repo-local/com/googlecode/javaewah/JavaEWAH/1.1.6/JavaEWAH-1.1.6.jar:/home/hudson/hudson_workspace/workspace/eap-7.x-as-testsuite-core-rhel/b485da8d/maven-repo-local/junit/junit/4.12/junit-4.12.jar:/home/hudson/hudson_workspace/workspace/eap-7.x-as-testsuite-core-rhel/b485da8d/maven-repo-local/org/hamcrest/hamcrest-core/1.3/hamcrest-core-1.3.jar:/home/hudson/hudson_workspace/workspace/eap-7.x-as-testsuite-core-rhel/b485da8d/maven-repo-local/org/jboss/logging/jboss-logging/3.3.2.Final/jboss-logging-3.3.2.Final.jar:/home/hudson/hudson_workspace/workspace/eap-7.x-as-testsuite-core-rhel/b485da8d/maven-repo-local/org/jboss/logging/jboss-logging-annotations/2.1.0.Final/jboss-logging-annotations-2.1.0.Final.jar:/home/hudson/hudson_workspace/workspace/eap-7.x-as-testsuite-core-rhel/b485da8d/maven-repo-local/org/jboss/logging/jboss-logging-processor/2.1.0.Final/jboss-logging-processor-2.1.0.Final.jar:/home/hudson/hudson_workspace/workspace/eap-7.x-as-testsuite-core-rhel/b485da8d/maven-repo-local/org/jboss/jdeparser/jdeparser/2.0.2.Final/jdeparser-2.0.2.Final.jar:"/>
    <property name="sun.cpu.endian" value="little"/>
    <property name="user.home" value="/home/hudson"/>
    <property name="user.language" value="en"/>
    <property name="java.util.prefs.PreferencesFactory" value="java.util.prefs.FileSystemPreferencesFactory"/>
    <property name="java.specification.vendor" value="Oracle Corporation"/>
    <property name="java.home" value="/home/hudson/hudson_workspace/workspace/eap-7.x-as-testsuite-core-rhel/b485da8d/tools/java/jre"/>
    <property name="ibm.signalhandling.rs" value="false"/>
    <property name="reuseForks" value="false"/>
    <property name="file.separator" value="/"/>
    <property name="basedir" value="/home/hudson/hudson_workspace/workspace/eap-7.x-as-testsuite-core-rhel/b485da8d/controller"/>
    <property name="line.separator" value="&#10;"/>
    <property name="java.vm.specification.vendor" value="Oracle Corporation"/>
    <property name="java.specification.name" value="Java Platform API Specification"/>
    <property name="java.compiler" value="j9jit29"/>
    <property name="com.ibm.util.extralibs.properties" value=""/>
    <property name="sun.java.launcher.pid" value="9735"/>
    <property name="java.awt.graphicsenv" value="sun.awt.X11GraphicsEnvironment"/>
    <property name="com.ibm.oti.configuration" value="scar"/>
    <property name="java.awt.fonts" value=""/>
    <property name="surefire.real.class.path" value="/home/hudson/hudson_workspace/workspace/eap-7.x-as-testsuite-core-rhel/b485da8d/controller/target/surefire/surefirebooter1424939123686038752.jar"/>
    <property name="com.ibm.oti.shared.enabled" value="false"/>
    <property name="sun.boot.class.path" value="/home/hudson/hudson_workspace/workspace/eap-7.x-as-testsuite-core-rhel/b485da8d/tools/java/jre/lib/amd64/compressedrefs/jclSC180/vm.jar:/home/hudson/hudson_workspace/workspace/eap-7.x-as-testsuite-core-rhel/b485da8d/tools/java/jre/lib/se-service.jar:/home/hudson/hudson_workspace/workspace/eap-7.x-as-testsuite-core-rhel/b485da8d/tools/java/jre/lib/cuda4j.jar:/home/hudson/hudson_workspace/workspace/eap-7.x-as-testsuite-core-rhel/b485da8d/tools/java/jre/lib/math.jar:/home/hudson/hudson_workspace/workspace/eap-7.x-as-testsuite-core-rhel/b485da8d/tools/java/jre/lib/ibmorb.jar:/home/hudson/hudson_workspace/workspace/eap-7.x-as-testsuite-core-rhel/b485da8d/tools/java/jre/lib/ibmorbapi.jar:/home/hudson/hudson_workspace/workspace/eap-7.x-as-testsuite-core-rhel/b485da8d/tools/java/jre/lib/ibmcfw.jar:/home/hudson/hudson_workspace/workspace/eap-7.x-as-testsuite-core-rhel/b485da8d/tools/java/jre/lib/ibmpkcs.jar:/home/hudson/hudson_workspace/workspace/eap-7.x-as-testsuite-core-rhel/b485da8d/tools/java/jre/lib/ibmcertpathfw.jar:/home/hudson/hudson_workspace/workspace/eap-7.x-as-testsuite-core-rhel/b485da8d/tools/java/jre/lib/ibmjgssfw.jar:/home/hudson/hudson_workspace/workspace/eap-7.x-as-testsuite-core-rhel/b485da8d/tools/java/jre/lib/ibmjssefw.jar:/home/hudson/hudson_workspace/workspace/eap-7.x-as-testsuite-core-rhel/b485da8d/tools/java/jre/lib/ibmsaslfw.jar:/home/hudson/hudson_workspace/workspace/eap-7.x-as-testsuite-core-rhel/b485da8d/tools/java/jre/lib/ibmjcefw.jar:/home/hudson/hudson_workspace/workspace/eap-7.x-as-testsuite-core-rhel/b485da8d/tools/java/jre/lib/ibmjgssprovider.jar:/home/hudson/hudson_workspace/workspace/eap-7.x-as-testsuite-core-rhel/b485da8d/tools/java/jre/lib/ibmjsseprovider2.jar:/home/hudson/hudson_workspace/workspace/eap-7.x-as-testsuite-core-rhel/b485da8d/tools/java/jre/lib/ibmcertpathprovider.jar:/home/hudson/hudson_workspace/workspace/eap-7.x-as-testsuite-core-rhel/b485da8d/tools/java/jre/lib/xmldsigfw.jar:/home/hudson/hudson_workspace/workspace/eap-7.x-as-testsuite-core-rhel/b485da8d/tools/java/jre/lib/xml.jar:/home/hudson/hudson_workspace/workspace/eap-7.x-as-testsuite-core-rhel/b485da8d/tools/java/jre/lib/charsets.jar:/home/hudson/hudson_workspace/workspace/eap-7.x-as-testsuite-core-rhel/b485da8d/tools/java/jre/lib/resources.jar:/home/hudson/hudson_workspace/workspace/eap-7.x-as-testsuite-core-rhel/b485da8d/tools/java/jre/lib/rt.jar:/home/hudson/hudson_workspace/workspace/eap-7.x-as-testsuite-core-rhel/b485da8d/tools/java/jre/lib/dataaccess.jar"/>
    <property name="com.ibm.oti.vm.bootstrap.library.path" value="/home/hudson/hudson_workspace/workspace/eap-7.x-as-testsuite-core-rhel/b485da8d/tools/java/jre/lib/amd64/compressedrefs:/home/hudson/hudson_workspace/workspace/eap-7.x-as-testsuite-core-rhel/b485da8d/tools/java/jre/lib/amd64"/>
    <property name="com.ibm.cpu.endian" value="little"/>
    <property name="java.fullversion" value="8.0.5.20 - pxa6480sr5fp20-20180802_01(SR5 FP20)&#10;JRE 1.8.0 Linux amd64-64-Bit Compressed References 20180731_393394 (JIT enabled, AOT enabled)&#10;OpenJ9   - bd23af8&#10;OMR      - ca1411c&#10;IBM      - 98805ca"/>
    <property name="java.runtime.version" value="8.0.5.20 - pxa6480sr5fp20-20180802_01(SR5 FP20)"/>
    <property name="user.name" value="hudson"/>
    <property name="test.level" value="INFO"/>
    <property name="path.separator" value=":"/>
    <property name="os.version" value="3.10.0-862.el7.x86_64"/>
    <property name="java.endorsed.dirs" value="/home/hudson/hudson_workspace/workspace/eap-7.x-as-testsuite-core-rhel/b485da8d/tools/java/jre/lib/endorsed"/>
    <property name="java.runtime.name" value="Java(TM) SE Runtime Environment"/>
    <property name="ibm.signalhandling.sigint" value="true"/>
    <property name="file.encoding" value="UTF-8"/>
    <property name="java.vm.name" value="IBM J9 VM"/>
    <property name="ibm.signalhandling.sigchain" value="true"/>
    <property name="localRepository" value="/home/hudson/hudson_workspace/workspace/eap-7.x-as-testsuite-core-rhel/b485da8d/maven-repo-local"/>
    <property name="java.io.tmpdir" value="/home/hudson/hudson_workspace/workspace/eap-7.x-as-testsuite-core-rhel/b485da8d/controller/target"/>
    <property name="java.version" value="1.8.0_181"/>
    <property name="jboss.remoting.leakdebugging" value="false"/>
    <property name="com.ibm.system.agent.path" value="/home/hudson/hudson_workspace/workspace/eap-7.x-as-testsuite-core-rhel/b485da8d/tools/java/jre/lib/amd64"/>
    <property name="user.dir" value="/home/hudson/hudson_workspace/workspace/eap-7.x-as-testsuite-core-rhel/b485da8d/controller"/>
    <property name="os.arch" value="amd64"/>
    <property name="org.jboss.model.test.cache.root" value="[pom.xml,testsuite]"/>
    <property name="java.vm.specification.name" value="Java Virtual Machine Specification"/>
    <property name="java.awt.printerjob" value="sun.print.PSPrinterJob"/>
    <property name="os.encoding" value="UTF-8"/>
    <property name="java.util.logging.manager" value="org.jboss.logmanager.LogManager"/>
    <property name="java.library.path" value="/home/hudson/hudson_workspace/workspace/eap-7.x-as-testsuite-core-rhel/b485da8d/tools/java/jre/lib/amd64/compressedrefs:/home/hudson/hudson_workspace/workspace/eap-7.x-as-testsuite-core-rhel/b485da8d/tools/java/jre/lib/amd64:/usr/lib64:/usr/lib"/>
    <property name="java.vendor" value="IBM Corporation"/>
    <property name="java.vm.info" value="JRE 1.8.0 Linux amd64-64-Bit Compressed References 20180731_393394 (JIT enabled, AOT enabled)&#10;OpenJ9   - bd23af8&#10;OMR      - ca1411c&#10;IBM      - 98805ca"/>
    <property name="java.vm.version" value="2.9"/>
    <property name="com.ibm.jcl.checkClassPath" value=""/>
    <property name="ibm.system.encoding" value="UTF-8"/>
    <property name="sun.io.unicode.encoding" value="UnicodeLittle"/>
    <property name="java.ext.dirs" value="/home/hudson/hudson_workspace/workspace/eap-7.x-as-testsuite-core-rhel/b485da8d/tools/java/jre/lib/ext"/>
    <property name="maven.repo.local" value="/home/hudson/hudson_workspace/workspace/eap-7.x-as-testsuite-core-rhel/b485da8d/maven-repo-local"/>
    <property name="java.class.version" value="52.0"/>
    <property name="maven.test.failure.ignore" value="true"/>
    <property name="org.jboss.model.test.cache.strict" value="true"/>
  </properties>
  <testcase name="testWriteBooleanAttribute" classname="org.jboss.as.controller.test.CastAttributeOperationTestCase" time="0.812"/>
  <testcase name="testWriteExpressionAttribute" classname="org.jboss.as.controller.test.CastAttributeOperationTestCase" time="0.018"/>
  <testcase name="testWriteIntAttribute" classname="org.jboss.as.controller.test.CastAttributeOperationTestCase" time="0.016"/>
  <testcase name="testWriteBigIntAttribute" classname="org.jboss.as.controller.test.CastAttributeOperationTestCase" time="0.037"/>
  <testcase name="testWriteBigDecimalAttribute" classname="org.jboss.as.controller.test.CastAttributeOperationTestCase" time="0.037"/>
</testsuite>