<?xml version="1.0" encoding="UTF-8"?>
<testsuite xmlns:xsi="http://www.w3.org/2001/XMLSchema-instance" xsi:noNamespaceSchemaLocation="https://maven.apache.org/surefire/maven-surefire-plugin/xsd/surefire-test-report.xsd" name="org.wildfly.extension.elytron.RealmsTestCase" time="4.435" tests="6" errors="0" skipped="1" failures="0">
  <properties>
    <property name="awt.toolkit" value="sun.awt.X11.XToolkit"/>
    <property name="file.encoding.pkg" value="sun.io"/>
    <property name="java.specification.version" value="1.8"/>
    <property name="sun.jnu.encoding" value="UTF-8"/>
    <property name="java.class.path" value="/home/hudson/hudson_workspace/workspace/eap-7.x-as-testsuite-core-rhel/b485da8d/elytron/target/test-classes:/home/hudson/hudson_workspace/workspace/eap-7.x-as-testsuite-core-rhel/b485da8d/elytron/target/classes:/home/hudson/hudson_workspace/workspace/eap-7.x-as-testsuite-core-rhel/b485da8d/controller/target/wildfly-controller-7.0.0.Alpha3-SNAPSHOT.jar:/home/hudson/hudson_workspace/workspace/eap-7.x-as-testsuite-core-rhel/b485da8d/core-security/implementation/target/wildfly-core-security-7.0.0.Alpha3-SNAPSHOT.jar:/home/hudson/hudson_workspace/workspace/eap-7.x-as-testsuite-core-rhel/b485da8d/core-security/api/target/wildfly-core-security-api-7.0.0.Alpha3-SNAPSHOT.jar:/home/hudson/hudson_workspace/workspace/eap-7.x-as-testsuite-core-rhel/b485da8d/version/target/wildfly-version-7.0.0.Alpha3-SNAPSHOT.jar:/home/hudson/hudson_workspace/workspace/eap-7.x-as-testsuite-core-rhel/b485da8d/maven-repo-local/org/jboss/logmanager/jboss-logmanager/2.1.4.Final/jboss-logmanager-2.1.4.Final.jar:/home/hudson/hudson_workspace/workspace/eap-7.x-as-testsuite-core-rhel/b485da8d/maven-repo-local/org/projectodd/vdx/vdx-wildfly/1.1.6/vdx-wildfly-1.1.6.jar:/home/hudson/hudson_workspace/workspace/eap-7.x-as-testsuite-core-rhel/b485da8d/maven-repo-local/org/projectodd/vdx/vdx-core/1.1.6/vdx-core-1.1.6.jar:/home/hudson/hudson_workspace/workspace/eap-7.x-as-testsuite-core-rhel/b485da8d/maven-repo-local/org/eclipse/jgit/org.eclipse.jgit/5.0.2.201807311906-r/org.eclipse.jgit-5.0.2.201807311906-r.jar:/home/hudson/hudson_workspace/workspace/eap-7.x-as-testsuite-core-rhel/b485da8d/maven-repo-local/com/jcraft/jzlib/1.1.1/jzlib-1.1.1.jar:/home/hudson/hudson_workspace/workspace/eap-7.x-as-testsuite-core-rhel/b485da8d/maven-repo-local/com/googlecode/javaewah/JavaEWAH/1.1.6/JavaEWAH-1.1.6.jar:/home/hudson/hudson_workspace/workspace/eap-7.x-as-testsuite-core-rhel/b485da8d/server/target/wildfly-server-7.0.0.Alpha3-SNAPSHOT.jar:/home/hudson/hudson_workspace/workspace/eap-7.x-as-testsuite-core-rhel/b485da8d/core-management/core-management-client/target/wildfly-core-management-client-7.0.0.Alpha3-SNAPSHOT.jar:/home/hudson/hudson_workspace/workspace/eap-7.x-as-testsuite-core-rhel/b485da8d/domain-http/interface/target/wildfly-domain-http-interface-7.0.0.Alpha3-SNAPSHOT.jar:/home/hudson/hudson_workspace/workspace/eap-7.x-as-testsuite-core-rhel/b485da8d/domain-management/target/wildfly-domain-management-7.0.0.Alpha3-SNAPSHOT.jar:/home/hudson/hudson_workspace/workspace/eap-7.x-as-testsuite-core-rhel/b485da8d/maven-repo-local/org/wildfly/security/elytron-web/undertow-server/1.3.0.CR2/undertow-server-1.3.0.CR2.jar:/home/hudson/hudson_workspace/workspace/eap-7.x-as-testsuite-core-rhel/b485da8d/deployment-repository/target/wildfly-deployment-repository-7.0.0.Alpha3-SNAPSHOT.jar:/home/hudson/hudson_workspace/workspace/eap-7.x-as-testsuite-core-rhel/b485da8d/platform-mbean/target/wildfly-platform-mbean-7.0.0.Alpha3-SNAPSHOT.jar:/home/hudson/hudson_workspace/workspace/eap-7.x-as-testsuite-core-rhel/b485da8d/process-controller/target/wildfly-process-controller-7.0.0.Alpha3-SNAPSHOT.jar:/home/hudson/hudson_workspace/workspace/eap-7.x-as-testsuite-core-rhel/b485da8d/remoting/subsystem/target/wildfly-remoting-7.0.0.Alpha3-SNAPSHOT.jar:/home/hudson/hudson_workspace/workspace/eap-7.x-as-testsuite-core-rhel/b485da8d/io/subsystem/target/wildfly-io-7.0.0.Alpha3-SNAPSHOT.jar:/home/hudson/hudson_workspace/workspace/eap-7.x-as-testsuite-core-rhel/b485da8d/maven-repo-local/org/jboss/xnio/xnio-api/3.6.5.Final/xnio-api-3.6.5.Final.jar:/home/hudson/hudson_workspace/workspace/eap-7.x-as-testsuite-core-rhel/b485da8d/network/target/wildfly-network-7.0.0.Alpha3-SNAPSHOT.jar:/home/hudson/hudson_workspace/workspace/eap-7.x-as-testsuite-core-rhel/b485da8d/maven-repo-local/org/jboss/jandex/2.0.5.Final/jandex-2.0.5.Final.jar:/home/hudson/hudson_workspace/workspace/eap-7.x-as-testsuite-core-rhel/b485da8d/maven-repo-local/org/jboss/invocation/jboss-invocation/1.5.1.Final/jboss-invocation-1.5.1.Final.jar:/home/hudson/hudson_workspace/workspace/eap-7.x-as-testsuite-core-rhel/b485da8d/maven-repo-local/org/jboss/marshalling/jboss-marshalling/2.0.6.Final/jboss-marshalling-2.0.6.Final.jar:/home/hudson/hudson_workspace/workspace/eap-7.x-as-testsuite-core-rhel/b485da8d/maven-repo-local/org/jboss/remoting/jboss-remoting/5.0.8.Final/jboss-remoting-5.0.8.Final.jar:/home/hudson/hudson_workspace/workspace/eap-7.x-as-testsuite-core-rhel/b485da8d/maven-repo-local/org/wildfly/client/wildfly-client-config/1.0.1.Final/wildfly-client-config-1.0.1.Final.jar:/home/hudson/hudson_workspace/workspace/eap-7.x-as-testsuite-core-rhel/b485da8d/maven-repo-local/org/jboss/stdio/jboss-stdio/1.0.2.GA/jboss-stdio-1.0.2.GA.jar:/home/hudson/hudson_workspace/workspace/eap-7.x-as-testsuite-core-rhel/b485da8d/maven-repo-local/org/jboss/threads/jboss-threads/2.3.2.Final/jboss-threads-2.3.2.Final.jar:/home/hudson/hudson_workspace/workspace/eap-7.x-as-testsuite-core-rhel/b485da8d/maven-repo-local/org/jboss/jboss-vfs/3.2.14.Final/jboss-vfs-3.2.14.Final.jar:/home/hudson/hudson_workspace/workspace/eap-7.x-as-testsuite-core-rhel/b485da8d/maven-repo-local/io/undertow/undertow-core/2.0.13.Final/undertow-core-2.0.13.Final.jar:/home/hudson/hudson_workspace/workspace/eap-7.x-as-testsuite-core-rhel/b485da8d/maven-repo-local/org/jboss/xnio/xnio-nio/3.6.5.Final/xnio-nio-3.6.5.Final.jar:/home/hudson/hudson_workspace/workspace/eap-7.x-as-testsuite-core-rhel/b485da8d/maven-repo-local/com/jcraft/jsch/0.1.54/jsch-0.1.54.jar:/home/hudson/hudson_workspace/workspace/eap-7.x-as-testsuite-core-rhel/b485da8d/maven-repo-local/org/wildfly/security/wildfly-elytron/1.7.0.CR2/wildfly-elytron-1.7.0.CR2.jar:/home/hudson/hudson_workspace/workspace/eap-7.x-as-testsuite-core-rhel/b485da8d/maven-repo-local/org/jboss/jboss-dmr/1.5.0.Final/jboss-dmr-1.5.0.Final.jar:/home/hudson/hudson_workspace/workspace/eap-7.x-as-testsuite-core-rhel/b485da8d/maven-repo-local/org/jboss/modules/jboss-modules/1.8.6.Final/jboss-modules-1.8.6.Final.jar:/home/hudson/hudson_workspace/workspace/eap-7.x-as-testsuite-core-rhel/b485da8d/maven-repo-local/org/jboss/msc/jboss-msc/1.4.5.Final/jboss-msc-1.4.5.Final.jar:/home/hudson/hudson_workspace/workspace/eap-7.x-as-testsuite-core-rhel/b485da8d/maven-repo-local/org/jboss/logging/jboss-logging/3.3.2.Final/jboss-logging-3.3.2.Final.jar:/home/hudson/hudson_workspace/workspace/eap-7.x-as-testsuite-core-rhel/b485da8d/maven-repo-local/org/jboss/logging/jboss-logging-annotations/2.1.0.Final/jboss-logging-annotations-2.1.0.Final.jar:/home/hudson/hudson_workspace/workspace/eap-7.x-as-testsuite-core-rhel/b485da8d/maven-repo-local/org/jboss/logging/jboss-logging-processor/2.1.0.Final/jboss-logging-processor-2.1.0.Final.jar:/home/hudson/hudson_workspace/workspace/eap-7.x-as-testsuite-core-rhel/b485da8d/maven-repo-local/org/jboss/jdeparser/jdeparser/2.0.2.Final/jdeparser-2.0.2.Final.jar:/home/hudson/hudson_workspace/workspace/eap-7.x-as-testsuite-core-rhel/b485da8d/maven-repo-local/org/jboss/staxmapper/1.3.0.Final/staxmapper-1.3.0.Final.jar:/home/hudson/hudson_workspace/workspace/eap-7.x-as-testsuite-core-rhel/b485da8d/maven-repo-local/org/wildfly/common/wildfly-common/1.4.0.Final/wildfly-common-1.4.0.Final.jar:/home/hudson/hudson_workspace/workspace/eap-7.x-as-testsuite-core-rhel/b485da8d/maven-repo-local/org/jboss/spec/javax/security/jacc/jboss-jacc-api_1.5_spec/1.0.2.Final/jboss-jacc-api_1.5_spec-1.0.2.Final.jar:/home/hudson/hudson_workspace/workspace/eap-7.x-as-testsuite-core-rhel/b485da8d/maven-repo-local/org/jboss/spec/javax/servlet/jboss-servlet-api_3.1_spec/1.0.0.Final/jboss-servlet-api_3.1_spec-1.0.0.Final.jar:/home/hudson/hudson_workspace/workspace/eap-7.x-as-testsuite-core-rhel/b485da8d/maven-repo-local/org/jboss/spec/javax/security/auth/message/jboss-jaspi-api_1.1_spec/1.0.2.Final/jboss-jaspi-api_1.1_spec-1.0.2.Final.jar:/home/hudson/hudson_workspace/workspace/eap-7.x-as-testsuite-core-rhel/b485da8d/maven-repo-local/org/picketbox/picketbox/5.0.3.Final/picketbox-5.0.3.Final.jar:/home/hudson/hudson_workspace/workspace/eap-7.x-as-testsuite-core-rhel/b485da8d/maven-repo-local/javax/json/javax.json-api/1.1.2/javax.json-api-1.1.2.jar:/home/hudson/hudson_workspace/workspace/eap-7.x-as-testsuite-core-rhel/b485da8d/maven-repo-local/org/glassfish/javax.json/1.1.2/javax.json-1.1.2.jar:/home/hudson/hudson_workspace/workspace/eap-7.x-as-testsuite-core-rhel/b485da8d/subsystem-test/framework/target/wildfly-subsystem-test-framework-7.0.0.Alpha3-SNAPSHOT.jar:/home/hudson/hudson_workspace/workspace/eap-7.x-as-testsuite-core-rhel/b485da8d/maven-repo-local/org/apache/maven/maven-resolver-provider/3.5.0/maven-resolver-provider-3.5.0.jar:/home/hudson/hudson_workspace/workspace/eap-7.x-as-testsuite-core-rhel/b485da8d/maven-repo-local/org/apache/maven/maven-model/3.5.0/maven-model-3.5.0.jar:/home/hudson/hudson_workspace/workspace/eap-7.x-as-testsuite-core-rhel/b485da8d/maven-repo-local/org/apache/maven/maven-model-builder/3.5.0/maven-model-builder-3.5.0.jar:/home/hudson/hudson_workspace/workspace/eap-7.x-as-testsuite-core-rhel/b485da8d/maven-repo-local/org/codehaus/plexus/plexus-interpolation/1.24/plexus-interpolation-1.24.jar:/home/hudson/hudson_workspace/workspace/eap-7.x-as-testsuite-core-rhel/b485da8d/maven-repo-local/org/apache/maven/maven-artifact/3.5.0/maven-artifact-3.5.0.jar:/home/hudson/hudson_workspace/workspace/eap-7.x-as-testsuite-core-rhel/b485da8d/maven-repo-local/org/apache/maven/maven-builder-support/3.5.0/maven-builder-support-3.5.0.jar:/home/hudson/hudson_workspace/workspace/eap-7.x-as-testsuite-core-rhel/b485da8d/maven-repo-local/com/google/guava/guava/20.0/guava-20.0.jar:/home/hudson/hudson_workspace/workspace/eap-7.x-as-testsuite-core-rhel/b485da8d/maven-repo-local/org/apache/maven/maven-repository-metadata/3.5.0/maven-repository-metadata-3.5.0.jar:/home/hudson/hudson_workspace/workspace/eap-7.x-as-testsuite-core-rhel/b485da8d/maven-repo-local/org/apache/maven/resolver/maven-resolver-impl/1.1.0/maven-resolver-impl-1.1.0.jar:/home/hudson/hudson_workspace/workspace/eap-7.x-as-testsuite-core-rhel/b485da8d/maven-repo-local/org/codehaus/plexus/plexus-component-annotations/1.7.1/plexus-component-annotations-1.7.1.jar:/home/hudson/hudson_workspace/workspace/eap-7.x-as-testsuite-core-rhel/b485da8d/maven-repo-local/org/apache/commons/commons-lang3/3.5/commons-lang3-3.5.jar:/home/hudson/hudson_workspace/workspace/eap-7.x-as-testsuite-core-rhel/b485da8d/maven-repo-local/org/jboss/slf4j/slf4j-jboss-logmanager/1.0.3.GA/slf4j-jboss-logmanager-1.0.3.GA.jar:/home/hudson/hudson_workspace/workspace/eap-7.x-as-testsuite-core-rhel/b485da8d/maven-repo-local/org/wildfly/legacy/test/wildfly-legacy-spi/4.0.0.Final/wildfly-legacy-spi-4.0.0.Final.jar:/home/hudson/hudson_workspace/workspace/eap-7.x-as-testsuite-core-rhel/b485da8d/maven-repo-local/com/fasterxml/woodstox/woodstox-core/5.0.3/woodstox-core-5.0.3.jar:/home/hudson/hudson_workspace/workspace/eap-7.x-as-testsuite-core-rhel/b485da8d/maven-repo-local/org/codehaus/woodstox/stax2-api/3.1.4/stax2-api-3.1.4.jar:/home/hudson/hudson_workspace/workspace/eap-7.x-as-testsuite-core-rhel/b485da8d/maven-repo-local/xerces/xercesImpl/2.12.0.SP02/xercesImpl-2.12.0.SP02.jar:/home/hudson/hudson_workspace/workspace/eap-7.x-as-testsuite-core-rhel/b485da8d/model-test/target/wildfly-model-test-7.0.0.Alpha3-SNAPSHOT.jar:/home/hudson/hudson_workspace/workspace/eap-7.x-as-testsuite-core-rhel/b485da8d/maven-repo-local/org/apache/maven/resolver/maven-resolver-api/1.1.0/maven-resolver-api-1.1.0.jar:/home/hudson/hudson_workspace/workspace/eap-7.x-as-testsuite-core-rhel/b485da8d/maven-repo-local/org/apache/maven/resolver/maven-resolver-spi/1.1.0/maven-resolver-spi-1.1.0.jar:/home/hudson/hudson_workspace/workspace/eap-7.x-as-testsuite-core-rhel/b485da8d/maven-repo-local/org/apache/maven/resolver/maven-resolver-util/1.1.0/maven-resolver-util-1.1.0.jar:/home/hudson/hudson_workspace/workspace/eap-7.x-as-testsuite-core-rhel/b485da8d/maven-repo-local/org/apache/maven/resolver/maven-resolver-connector-basic/1.1.0/maven-resolver-connector-basic-1.1.0.jar:/home/hudson/hudson_workspace/workspace/eap-7.x-as-testsuite-core-rhel/b485da8d/maven-repo-local/org/apache/maven/resolver/maven-resolver-transport-file/1.1.0/maven-resolver-transport-file-1.1.0.jar:/home/hudson/hudson_workspace/workspace/eap-7.x-as-testsuite-core-rhel/b485da8d/maven-repo-local/org/apache/maven/resolver/maven-resolver-transport-http/1.1.0/maven-resolver-transport-http-1.1.0.jar:/home/hudson/hudson_workspace/workspace/eap-7.x-as-testsuite-core-rhel/b485da8d/maven-repo-local/org/apache/httpcomponents/httpclient/4.5.2/httpclient-4.5.2.jar:/home/hudson/hudson_workspace/workspace/eap-7.x-as-testsuite-core-rhel/b485da8d/maven-repo-local/commons-codec/commons-codec/1.9/commons-codec-1.9.jar:/home/hudson/hudson_workspace/workspace/eap-7.x-as-testsuite-core-rhel/b485da8d/maven-repo-local/org/apache/httpcomponents/httpcore/4.4.4/httpcore-4.4.4.jar:/home/hudson/hudson_workspace/workspace/eap-7.x-as-testsuite-core-rhel/b485da8d/maven-repo-local/org/slf4j/jcl-over-slf4j/1.7.22.jbossorg-1/jcl-over-slf4j-1.7.22.jbossorg-1.jar:/home/hudson/hudson_workspace/workspace/eap-7.x-as-testsuite-core-rhel/b485da8d/maven-repo-local/org/codehaus/plexus/plexus-utils/3.1.0/plexus-utils-3.1.0.jar:/home/hudson/hudson_workspace/workspace/eap-7.x-as-testsuite-core-rhel/b485da8d/maven-repo-local/org/wildfly/legacy/test/wildfly-legacy-versions/4.0.0.Final/wildfly-legacy-versions-4.0.0.Final.jar:/home/hudson/hudson_workspace/workspace/eap-7.x-as-testsuite-core-rhel/b485da8d/controller-client/target/wildfly-controller-client-7.0.0.Alpha3-SNAPSHOT.jar:/home/hudson/hudson_workspace/workspace/eap-7.x-as-testsuite-core-rhel/b485da8d/protocol/target/wildfly-protocol-7.0.0.Alpha3-SNAPSHOT.jar:/home/hudson/hudson_workspace/workspace/eap-7.x-as-testsuite-core-rhel/b485da8d/maven-repo-local/junit/junit/4.12/junit-4.12.jar:/home/hudson/hudson_workspace/workspace/eap-7.x-as-testsuite-core-rhel/b485da8d/maven-repo-local/org/hamcrest/hamcrest-core/1.3/hamcrest-core-1.3.jar:/home/hudson/hudson_workspace/workspace/eap-7.x-as-testsuite-core-rhel/b485da8d/maven-repo-local/org/jmockit/jmockit/1.39/jmockit-1.39.jar:/home/hudson/hudson_workspace/workspace/eap-7.x-as-testsuite-core-rhel/b485da8d/maven-repo-local/com/google/code/findbugs/jsr305/3.0.2/jsr305-3.0.2.jar:/home/hudson/hudson_workspace/workspace/eap-7.x-as-testsuite-core-rhel/b485da8d/maven-repo-local/org/bouncycastle/bcmail-jdk15on/1.56/bcmail-jdk15on-1.56.jar:/home/hudson/hudson_workspace/workspace/eap-7.x-as-testsuite-core-rhel/b485da8d/maven-repo-local/org/bouncycastle/bcprov-jdk15on/1.56/bcprov-jdk15on-1.56.jar:/home/hudson/hudson_workspace/workspace/eap-7.x-as-testsuite-core-rhel/b485da8d/maven-repo-local/org/bouncycastle/bcpkix-jdk15on/1.56/bcpkix-jdk15on-1.56.jar:/home/hudson/hudson_workspace/workspace/eap-7.x-as-testsuite-core-rhel/b485da8d/maven-repo-local/org/apache/directory/server/apacheds-all/2.0.0-M17/apacheds-all-2.0.0-M17.jar:/home/hudson/hudson_workspace/workspace/eap-7.x-as-testsuite-core-rhel/b485da8d/maven-repo-local/org/slf4j/slf4j-api/1.7.22.jbossorg-1/slf4j-api-1.7.22.jbossorg-1.jar:/home/hudson/hudson_workspace/workspace/eap-7.x-as-testsuite-core-rhel/b485da8d/maven-repo-local/com/fasterxml/jackson/core/jackson-databind/2.9.2/jackson-databind-2.9.2.jar:/home/hudson/hudson_workspace/workspace/eap-7.x-as-testsuite-core-rhel/b485da8d/maven-repo-local/com/fasterxml/jackson/core/jackson-annotations/2.9.0/jackson-annotations-2.9.0.jar:/home/hudson/hudson_workspace/workspace/eap-7.x-as-testsuite-core-rhel/b485da8d/maven-repo-local/com/fasterxml/jackson/core/jackson-core/2.9.2/jackson-core-2.9.2.jar:/home/hudson/hudson_workspace/workspace/eap-7.x-as-testsuite-core-rhel/b485da8d/maven-repo-local/org/mock-server/mockserver-netty/5.3.0/mockserver-netty-5.3.0.jar:/home/hudson/hudson_workspace/workspace/eap-7.x-as-testsuite-core-rhel/b485da8d/maven-repo-local/org/mock-server/mockserver-client-java/5.3.0/mockserver-client-java-5.3.0.jar:/home/hudson/hudson_workspace/workspace/eap-7.x-as-testsuite-core-rhel/b485da8d/maven-repo-local/org/mock-server/mockserver-core/5.3.0/mockserver-core-5.3.0.jar:/home/hudson/hudson_workspace/workspace/eap-7.x-as-testsuite-core-rhel/b485da8d/maven-repo-local/javax/servlet/javax.servlet-api/3.1.0/javax.servlet-api-3.1.0.jar:/home/hudson/hudson_workspace/workspace/eap-7.x-as-testsuite-core-rhel/b485da8d/maven-repo-local/io/netty/netty-codec-socks/4.1.17.Final/netty-codec-socks-4.1.17.Final.jar:/home/hudson/hudson_workspace/workspace/eap-7.x-as-testsuite-core-rhel/b485da8d/maven-repo-local/org/apache/velocity/velocity-engine-scripting/2.0/velocity-engine-scripting-2.0.jar:/home/hudson/hudson_workspace/workspace/eap-7.x-as-testsuite-core-rhel/b485da8d/maven-repo-local/org/apache/velocity/velocity-engine-core/2.0/velocity-engine-core-2.0.jar:/home/hudson/hudson_workspace/workspace/eap-7.x-as-testsuite-core-rhel/b485da8d/maven-repo-local/org/skyscreamer/jsonassert/1.5.0/jsonassert-1.5.0.jar:/home/hudson/hudson_workspace/workspace/eap-7.x-as-testsuite-core-rhel/b485da8d/maven-repo-local/com/vaadin/external/google/android-json/0.0.20131108.vaadin1/android-json-0.0.20131108.vaadin1.jar:/home/hudson/hudson_workspace/workspace/eap-7.x-as-testsuite-core-rhel/b485da8d/maven-repo-local/com/github/java-json-tools/json-schema-validator/2.2.8/json-schema-validator-2.2.8.jar:/home/hudson/hudson_workspace/workspace/eap-7.x-as-testsuite-core-rhel/b485da8d/maven-repo-local/com/github/java-json-tools/json-schema-core/1.2.8/json-schema-core-1.2.8.jar:/home/hudson/hudson_workspace/workspace/eap-7.x-as-testsuite-core-rhel/b485da8d/maven-repo-local/org/mozilla/rhino/1.7R4/rhino-1.7R4.jar:/home/hudson/hudson_workspace/workspace/eap-7.x-as-testsuite-core-rhel/b485da8d/maven-repo-local/com/github/fge/jackson-coreutils/1.8/jackson-coreutils-1.8.jar:/home/hudson/hudson_workspace/workspace/eap-7.x-as-testsuite-core-rhel/b485da8d/maven-repo-local/com/github/fge/msg-simple/1.1/msg-simple-1.1.jar:/home/hudson/hudson_workspace/workspace/eap-7.x-as-testsuite-core-rhel/b485da8d/maven-repo-local/com/github/fge/btf/1.2/btf-1.2.jar:/home/hudson/hudson_workspace/workspace/eap-7.x-as-testsuite-core-rhel/b485da8d/maven-repo-local/com/github/fge/uri-template/0.9/uri-template-0.9.jar:/home/hudson/hudson_workspace/workspace/eap-7.x-as-testsuite-core-rhel/b485da8d/maven-repo-local/javax/mail/mailapi/1.4.3/mailapi-1.4.3.jar:/home/hudson/hudson_workspace/workspace/eap-7.x-as-testsuite-core-rhel/b485da8d/maven-repo-local/javax/activation/activation/1.1/activation-1.1.jar:/home/hudson/hudson_workspace/workspace/eap-7.x-as-testsuite-core-rhel/b485da8d/maven-repo-local/joda-time/joda-time/2.9.7/joda-time-2.9.7.jar:/home/hudson/hudson_workspace/workspace/eap-7.x-as-testsuite-core-rhel/b485da8d/maven-repo-local/com/googlecode/libphonenumber/libphonenumber/8.0.0/libphonenumber-8.0.0.jar:/home/hudson/hudson_workspace/workspace/eap-7.x-as-testsuite-core-rhel/b485da8d/maven-repo-local/net/sf/jopt-simple/jopt-simple/5.0.3/jopt-simple-5.0.3.jar:/home/hudson/hudson_workspace/workspace/eap-7.x-as-testsuite-core-rhel/b485da8d/maven-repo-local/javax/xml/bind/jaxb-api/2.3.0/jaxb-api-2.3.0.jar:/home/hudson/hudson_workspace/workspace/eap-7.x-as-testsuite-core-rhel/b485da8d/maven-repo-local/org/apache/commons/commons-text/1.1/commons-text-1.1.jar:/home/hudson/hudson_workspace/workspace/eap-7.x-as-testsuite-core-rhel/b485da8d/maven-repo-local/commons-collections/commons-collections/3.2.2/commons-collections-3.2.2.jar:/home/hudson/hudson_workspace/workspace/eap-7.x-as-testsuite-core-rhel/b485da8d/maven-repo-local/commons-io/commons-io/2.5/commons-io-2.5.jar:/home/hudson/hudson_workspace/workspace/eap-7.x-as-testsuite-core-rhel/b485da8d/maven-repo-local/io/netty/netty-buffer/4.1.17.Final/netty-buffer-4.1.17.Final.jar:/home/hudson/hudson_workspace/workspace/eap-7.x-as-testsuite-core-rhel/b485da8d/maven-repo-local/io/netty/netty-codec/4.1.17.Final/netty-codec-4.1.17.Final.jar:/home/hudson/hudson_workspace/workspace/eap-7.x-as-testsuite-core-rhel/b485da8d/maven-repo-local/io/netty/netty-codec-http/4.1.17.Final/netty-codec-http-4.1.17.Final.jar:/home/hudson/hudson_workspace/workspace/eap-7.x-as-testsuite-core-rhel/b485da8d/maven-repo-local/io/netty/netty-common/4.1.17.Final/netty-common-4.1.17.Final.jar:/home/hudson/hudson_workspace/workspace/eap-7.x-as-testsuite-core-rhel/b485da8d/maven-repo-local/io/netty/netty-handler/4.1.17.Final/netty-handler-4.1.17.Final.jar:/home/hudson/hudson_workspace/workspace/eap-7.x-as-testsuite-core-rhel/b485da8d/maven-repo-local/io/netty/netty-transport/4.1.17.Final/netty-transport-4.1.17.Final.jar:/home/hudson/hudson_workspace/workspace/eap-7.x-as-testsuite-core-rhel/b485da8d/maven-repo-local/io/netty/netty-resolver/4.1.17.Final/netty-resolver-4.1.17.Final.jar:/home/hudson/hudson_workspace/workspace/eap-7.x-as-testsuite-core-rhel/b485da8d/maven-repo-local/janino/janino/2.5.10/janino-2.5.10.jar:/home/hudson/hudson_workspace/workspace/eap-7.x-as-testsuite-core-rhel/b485da8d/maven-repo-local/org/mock-server/mockserver-logging/5.3.0/mockserver-logging-5.3.0.jar:/home/hudson/hudson_workspace/workspace/eap-7.x-as-testsuite-core-rhel/b485da8d/maven-repo-local/org/mockito/mockito-core/2.18.0/mockito-core-2.18.0.jar:/home/hudson/hudson_workspace/workspace/eap-7.x-as-testsuite-core-rhel/b485da8d/maven-repo-local/net/bytebuddy/byte-buddy/1.8.3/byte-buddy-1.8.3.jar:/home/hudson/hudson_workspace/workspace/eap-7.x-as-testsuite-core-rhel/b485da8d/maven-repo-local/net/bytebuddy/byte-buddy-agent/1.8.3/byte-buddy-agent-1.8.3.jar:/home/hudson/hudson_workspace/workspace/eap-7.x-as-testsuite-core-rhel/b485da8d/maven-repo-local/org/objenesis/objenesis/2.6/objenesis-2.6.jar:"/>
    <property name="com.ibm.zero.version" value="2"/>
    <property name="org.jboss.model.test.classpath.cache" value="target/model-test-cache"/>
    <property name="java.vm.vendor" value="IBM Corporation"/>
    <property name="allTests" value="true"/>
    <property name="sun.arch.data.model" value="64"/>
    <property name="com.ibm.vm.bitmode" value="64"/>
    <property name="user.variant" value=""/>
    <property name="com.ibm.oti.vm.library.version" value="29"/>
    <property name="java.vendor.url" value="http://www.ibm.com"/>
    <property name="user.timezone" value="UTC"/>
    <property name="os.name" value="Linux"/>
    <property name="java.vm.specification.version" value="1.8"/>
    <property name="sun.java.launcher" value="SUN_STANDARD"/>
    <property name="user.country" value="US"/>
    <property name="sun.boot.library.path" value="/home/hudson/hudson_workspace/workspace/eap-7.x-as-testsuite-core-rhel/b485da8d/tools/java/jre/lib/amd64/compressedrefs:/home/hudson/hudson_workspace/workspace/eap-7.x-as-testsuite-core-rhel/b485da8d/tools/java/jre/lib/amd64"/>
    <property name="sun.java.command" value="/home/hudson/hudson_workspace/workspace/eap-7.x-as-testsuite-core-rhel/b485da8d/elytron/target/surefire/surefirebooter8386033053605249556.jar /home/hudson/hudson_workspace/workspace/eap-7.x-as-testsuite-core-rhel/b485da8d/elytron/target/surefire 2018-10-03T21-53-21_337-jvmRun1 surefire8302300607013424370tmp surefire_2658917414403357332560tmp"/>
    <property name="surefire.test.class.path" value="/home/hudson/hudson_workspace/workspace/eap-7.x-as-testsuite-core-rhel/b485da8d/elytron/target/test-classes:/home/hudson/hudson_workspace/workspace/eap-7.x-as-testsuite-core-rhel/b485da8d/elytron/target/classes:/home/hudson/hudson_workspace/workspace/eap-7.x-as-testsuite-core-rhel/b485da8d/controller/target/wildfly-controller-7.0.0.Alpha3-SNAPSHOT.jar:/home/hudson/hudson_workspace/workspace/eap-7.x-as-testsuite-core-rhel/b485da8d/core-security/implementation/target/wildfly-core-security-7.0.0.Alpha3-SNAPSHOT.jar:/home/hudson/hudson_workspace/workspace/eap-7.x-as-testsuite-core-rhel/b485da8d/core-security/api/target/wildfly-core-security-api-7.0.0.Alpha3-SNAPSHOT.jar:/home/hudson/hudson_workspace/workspace/eap-7.x-as-testsuite-core-rhel/b485da8d/version/target/wildfly-version-7.0.0.Alpha3-SNAPSHOT.jar:/home/hudson/hudson_workspace/workspace/eap-7.x-as-testsuite-core-rhel/b485da8d/maven-repo-local/org/jboss/logmanager/jboss-logmanager/2.1.4.Final/jboss-logmanager-2.1.4.Final.jar:/home/hudson/hudson_workspace/workspace/eap-7.x-as-testsuite-core-rhel/b485da8d/maven-repo-local/org/projectodd/vdx/vdx-wildfly/1.1.6/vdx-wildfly-1.1.6.jar:/home/hudson/hudson_workspace/workspace/eap-7.x-as-testsuite-core-rhel/b485da8d/maven-repo-local/org/projectodd/vdx/vdx-core/1.1.6/vdx-core-1.1.6.jar:/home/hudson/hudson_workspace/workspace/eap-7.x-as-testsuite-core-rhel/b485da8d/maven-repo-local/org/eclipse/jgit/org.eclipse.jgit/5.0.2.201807311906-r/org.eclipse.jgit-5.0.2.201807311906-r.jar:/home/hudson/hudson_workspace/workspace/eap-7.x-as-testsuite-core-rhel/b485da8d/maven-repo-local/com/jcraft/jzlib/1.1.1/jzlib-1.1.1.jar:/home/hudson/hudson_workspace/workspace/eap-7.x-as-testsuite-core-rhel/b485da8d/maven-repo-local/com/googlecode/javaewah/JavaEWAH/1.1.6/JavaEWAH-1.1.6.jar:/home/hudson/hudson_workspace/workspace/eap-7.x-as-testsuite-core-rhel/b485da8d/server/target/wildfly-server-7.0.0.Alpha3-SNAPSHOT.jar:/home/hudson/hudson_workspace/workspace/eap-7.x-as-testsuite-core-rhel/b485da8d/core-management/core-management-client/target/wildfly-core-management-client-7.0.0.Alpha3-SNAPSHOT.jar:/home/hudson/hudson_workspace/workspace/eap-7.x-as-testsuite-core-rhel/b485da8d/domain-http/interface/target/wildfly-domain-http-interface-7.0.0.Alpha3-SNAPSHOT.jar:/home/hudson/hudson_workspace/workspace/eap-7.x-as-testsuite-core-rhel/b485da8d/domain-management/target/wildfly-domain-management-7.0.0.Alpha3-SNAPSHOT.jar:/home/hudson/hudson_workspace/workspace/eap-7.x-as-testsuite-core-rhel/b485da8d/maven-repo-local/org/wildfly/security/elytron-web/undertow-server/1.3.0.CR2/undertow-server-1.3.0.CR2.jar:/home/hudson/hudson_workspace/workspace/eap-7.x-as-testsuite-core-rhel/b485da8d/deployment-repository/target/wildfly-deployment-repository-7.0.0.Alpha3-SNAPSHOT.jar:/home/hudson/hudson_workspace/workspace/eap-7.x-as-testsuite-core-rhel/b485da8d/platform-mbean/target/wildfly-platform-mbean-7.0.0.Alpha3-SNAPSHOT.jar:/home/hudson/hudson_workspace/workspace/eap-7.x-as-testsuite-core-rhel/b485da8d/process-controller/target/wildfly-process-controller-7.0.0.Alpha3-SNAPSHOT.jar:/home/hudson/hudson_workspace/workspace/eap-7.x-as-testsuite-core-rhel/b485da8d/remoting/subsystem/target/wildfly-remoting-7.0.0.Alpha3-SNAPSHOT.jar:/home/hudson/hudson_workspace/workspace/eap-7.x-as-testsuite-core-rhel/b485da8d/io/subsystem/target/wildfly-io-7.0.0.Alpha3-SNAPSHOT.jar:/home/hudson/hudson_workspace/workspace/eap-7.x-as-testsuite-core-rhel/b485da8d/maven-repo-local/org/jboss/xnio/xnio-api/3.6.5.Final/xnio-api-3.6.5.Final.jar:/home/hudson/hudson_workspace/workspace/eap-7.x-as-testsuite-core-rhel/b485da8d/network/target/wildfly-network-7.0.0.Alpha3-SNAPSHOT.jar:/home/hudson/hudson_workspace/workspace/eap-7.x-as-testsuite-core-rhel/b485da8d/maven-repo-local/org/jboss/jandex/2.0.5.Final/jandex-2.0.5.Final.jar:/home/hudson/hudson_workspace/workspace/eap-7.x-as-testsuite-core-rhel/b485da8d/maven-repo-local/org/jboss/invocation/jboss-invocation/1.5.1.Final/jboss-invocation-1.5.1.Final.jar:/home/hudson/hudson_workspace/workspace/eap-7.x-as-testsuite-core-rhel/b485da8d/maven-repo-local/org/jboss/marshalling/jboss-marshalling/2.0.6.Final/jboss-marshalling-2.0.6.Final.jar:/home/hudson/hudson_workspace/workspace/eap-7.x-as-testsuite-core-rhel/b485da8d/maven-repo-local/org/jboss/remoting/jboss-remoting/5.0.8.Final/jboss-remoting-5.0.8.Final.jar:/home/hudson/hudson_workspace/workspace/eap-7.x-as-testsuite-core-rhel/b485da8d/maven-repo-local/org/wildfly/client/wildfly-client-config/1.0.1.Final/wildfly-client-config-1.0.1.Final.jar:/home/hudson/hudson_workspace/workspace/eap-7.x-as-testsuite-core-rhel/b485da8d/maven-repo-local/org/jboss/stdio/jboss-stdio/1.0.2.GA/jboss-stdio-1.0.2.GA.jar:/home/hudson/hudson_workspace/workspace/eap-7.x-as-testsuite-core-rhel/b485da8d/maven-repo-local/org/jboss/threads/jboss-threads/2.3.2.Final/jboss-threads-2.3.2.Final.jar:/home/hudson/hudson_workspace/workspace/eap-7.x-as-testsuite-core-rhel/b485da8d/maven-repo-local/org/jboss/jboss-vfs/3.2.14.Final/jboss-vfs-3.2.14.Final.jar:/home/hudson/hudson_workspace/workspace/eap-7.x-as-testsuite-core-rhel/b485da8d/maven-repo-local/io/undertow/undertow-core/2.0.13.Final/undertow-core-2.0.13.Final.jar:/home/hudson/hudson_workspace/workspace/eap-7.x-as-testsuite-core-rhel/b485da8d/maven-repo-local/org/jboss/xnio/xnio-nio/3.6.5.Final/xnio-nio-3.6.5.Final.jar:/home/hudson/hudson_workspace/workspace/eap-7.x-as-testsuite-core-rhel/b485da8d/maven-repo-local/com/jcraft/jsch/0.1.54/jsch-0.1.54.jar:/home/hudson/hudson_workspace/workspace/eap-7.x-as-testsuite-core-rhel/b485da8d/maven-repo-local/org/wildfly/security/wildfly-elytron/1.7.0.CR2/wildfly-elytron-1.7.0.CR2.jar:/home/hudson/hudson_workspace/workspace/eap-7.x-as-testsuite-core-rhel/b485da8d/maven-repo-local/org/jboss/jboss-dmr/1.5.0.Final/jboss-dmr-1.5.0.Final.jar:/home/hudson/hudson_workspace/workspace/eap-7.x-as-testsuite-core-rhel/b485da8d/maven-repo-local/org/jboss/modules/jboss-modules/1.8.6.Final/jboss-modules-1.8.6.Final.jar:/home/hudson/hudson_workspace/workspace/eap-7.x-as-testsuite-core-rhel/b485da8d/maven-repo-local/org/jboss/msc/jboss-msc/1.4.5.Final/jboss-msc-1.4.5.Final.jar:/home/hudson/hudson_workspace/workspace/eap-7.x-as-testsuite-core-rhel/b485da8d/maven-repo-local/org/jboss/logging/jboss-logging/3.3.2.Final/jboss-logging-3.3.2.Final.jar:/home/hudson/hudson_workspace/workspace/eap-7.x-as-testsuite-core-rhel/b485da8d/maven-repo-local/org/jboss/logging/jboss-logging-annotations/2.1.0.Final/jboss-logging-annotations-2.1.0.Final.jar:/home/hudson/hudson_workspace/workspace/eap-7.x-as-testsuite-core-rhel/b485da8d/maven-repo-local/org/jboss/logging/jboss-logging-processor/2.1.0.Final/jboss-logging-processor-2.1.0.Final.jar:/home/hudson/hudson_workspace/workspace/eap-7.x-as-testsuite-core-rhel/b485da8d/maven-repo-local/org/jboss/jdeparser/jdeparser/2.0.2.Final/jdeparser-2.0.2.Final.jar:/home/hudson/hudson_workspace/workspace/eap-7.x-as-testsuite-core-rhel/b485da8d/maven-repo-local/org/jboss/staxmapper/1.3.0.Final/staxmapper-1.3.0.Final.jar:/home/hudson/hudson_workspace/workspace/eap-7.x-as-testsuite-core-rhel/b485da8d/maven-repo-local/org/wildfly/common/wildfly-common/1.4.0.Final/wildfly-common-1.4.0.Final.jar:/home/hudson/hudson_workspace/workspace/eap-7.x-as-testsuite-core-rhel/b485da8d/maven-repo-local/org/jboss/spec/javax/security/jacc/jboss-jacc-api_1.5_spec/1.0.2.Final/jboss-jacc-api_1.5_spec-1.0.2.Final.jar:/home/hudson/hudson_workspace/workspace/eap-7.x-as-testsuite-core-rhel/b485da8d/maven-repo-local/org/jboss/spec/javax/servlet/jboss-servlet-api_3.1_spec/1.0.0.Final/jboss-servlet-api_3.1_spec-1.0.0.Final.jar:/home/hudson/hudson_workspace/workspace/eap-7.x-as-testsuite-core-rhel/b485da8d/maven-repo-local/org/jboss/spec/javax/security/auth/message/jboss-jaspi-api_1.1_spec/1.0.2.Final/jboss-jaspi-api_1.1_spec-1.0.2.Final.jar:/home/hudson/hudson_workspace/workspace/eap-7.x-as-testsuite-core-rhel/b485da8d/maven-repo-local/org/picketbox/picketbox/5.0.3.Final/picketbox-5.0.3.Final.jar:/home/hudson/hudson_workspace/workspace/eap-7.x-as-testsuite-core-rhel/b485da8d/maven-repo-local/javax/json/javax.json-api/1.1.2/javax.json-api-1.1.2.jar:/home/hudson/hudson_workspace/workspace/eap-7.x-as-testsuite-core-rhel/b485da8d/maven-repo-local/org/glassfish/javax.json/1.1.2/javax.json-1.1.2.jar:/home/hudson/hudson_workspace/workspace/eap-7.x-as-testsuite-core-rhel/b485da8d/subsystem-test/framework/target/wildfly-subsystem-test-framework-7.0.0.Alpha3-SNAPSHOT.jar:/home/hudson/hudson_workspace/workspace/eap-7.x-as-testsuite-core-rhel/b485da8d/maven-repo-local/org/apache/maven/maven-resolver-provider/3.5.0/maven-resolver-provider-3.5.0.jar:/home/hudson/hudson_workspace/workspace/eap-7.x-as-testsuite-core-rhel/b485da8d/maven-repo-local/org/apache/maven/maven-model/3.5.0/maven-model-3.5.0.jar:/home/hudson/hudson_workspace/workspace/eap-7.x-as-testsuite-core-rhel/b485da8d/maven-repo-local/org/apache/maven/maven-model-builder/3.5.0/maven-model-builder-3.5.0.jar:/home/hudson/hudson_workspace/workspace/eap-7.x-as-testsuite-core-rhel/b485da8d/maven-repo-local/org/codehaus/plexus/plexus-interpolation/1.24/plexus-interpolation-1.24.jar:/home/hudson/hudson_workspace/workspace/eap-7.x-as-testsuite-core-rhel/b485da8d/maven-repo-local/org/apache/maven/maven-artifact/3.5.0/maven-artifact-3.5.0.jar:/home/hudson/hudson_workspace/workspace/eap-7.x-as-testsuite-core-rhel/b485da8d/maven-repo-local/org/apache/maven/maven-builder-support/3.5.0/maven-builder-support-3.5.0.jar:/home/hudson/hudson_workspace/workspace/eap-7.x-as-testsuite-core-rhel/b485da8d/maven-repo-local/com/google/guava/guava/20.0/guava-20.0.jar:/home/hudson/hudson_workspace/workspace/eap-7.x-as-testsuite-core-rhel/b485da8d/maven-repo-local/org/apache/maven/maven-repository-metadata/3.5.0/maven-repository-metadata-3.5.0.jar:/home/hudson/hudson_workspace/workspace/eap-7.x-as-testsuite-core-rhel/b485da8d/maven-repo-local/org/apache/maven/resolver/maven-resolver-impl/1.1.0/maven-resolver-impl-1.1.0.jar:/home/hudson/hudson_workspace/workspace/eap-7.x-as-testsuite-core-rhel/b485da8d/maven-repo-local/org/codehaus/plexus/plexus-component-annotations/1.7.1/plexus-component-annotations-1.7.1.jar:/home/hudson/hudson_workspace/workspace/eap-7.x-as-testsuite-core-rhel/b485da8d/maven-repo-local/org/apache/commons/commons-lang3/3.5/commons-lang3-3.5.jar:/home/hudson/hudson_workspace/workspace/eap-7.x-as-testsuite-core-rhel/b485da8d/maven-repo-local/org/jboss/slf4j/slf4j-jboss-logmanager/1.0.3.GA/slf4j-jboss-logmanager-1.0.3.GA.jar:/home/hudson/hudson_workspace/workspace/eap-7.x-as-testsuite-core-rhel/b485da8d/maven-repo-local/org/wildfly/legacy/test/wildfly-legacy-spi/4.0.0.Final/wildfly-legacy-spi-4.0.0.Final.jar:/home/hudson/hudson_workspace/workspace/eap-7.x-as-testsuite-core-rhel/b485da8d/maven-repo-local/com/fasterxml/woodstox/woodstox-core/5.0.3/woodstox-core-5.0.3.jar:/home/hudson/hudson_workspace/workspace/eap-7.x-as-testsuite-core-rhel/b485da8d/maven-repo-local/org/codehaus/woodstox/stax2-api/3.1.4/stax2-api-3.1.4.jar:/home/hudson/hudson_workspace/workspace/eap-7.x-as-testsuite-core-rhel/b485da8d/maven-repo-local/xerces/xercesImpl/2.12.0.SP02/xercesImpl-2.12.0.SP02.jar:/home/hudson/hudson_workspace/workspace/eap-7.x-as-testsuite-core-rhel/b485da8d/model-test/target/wildfly-model-test-7.0.0.Alpha3-SNAPSHOT.jar:/home/hudson/hudson_workspace/workspace/eap-7.x-as-testsuite-core-rhel/b485da8d/maven-repo-local/org/apache/maven/resolver/maven-resolver-api/1.1.0/maven-resolver-api-1.1.0.jar:/home/hudson/hudson_workspace/workspace/eap-7.x-as-testsuite-core-rhel/b485da8d/maven-repo-local/org/apache/maven/resolver/maven-resolver-spi/1.1.0/maven-resolver-spi-1.1.0.jar:/home/hudson/hudson_workspace/workspace/eap-7.x-as-testsuite-core-rhel/b485da8d/maven-repo-local/org/apache/maven/resolver/maven-resolver-util/1.1.0/maven-resolver-util-1.1.0.jar:/home/hudson/hudson_workspace/workspace/eap-7.x-as-testsuite-core-rhel/b485da8d/maven-repo-local/org/apache/maven/resolver/maven-resolver-connector-basic/1.1.0/maven-resolver-connector-basic-1.1.0.jar:/home/hudson/hudson_workspace/workspace/eap-7.x-as-testsuite-core-rhel/b485da8d/maven-repo-local/org/apache/maven/resolver/maven-resolver-transport-file/1.1.0/maven-resolver-transport-file-1.1.0.jar:/home/hudson/hudson_workspace/workspace/eap-7.x-as-testsuite-core-rhel/b485da8d/maven-repo-local/org/apache/maven/resolver/maven-resolver-transport-http/1.1.0/maven-resolver-transport-http-1.1.0.jar:/home/hudson/hudson_workspace/workspace/eap-7.x-as-testsuite-core-rhel/b485da8d/maven-repo-local/org/apache/httpcomponents/httpclient/4.5.2/httpclient-4.5.2.jar:/home/hudson/hudson_workspace/workspace/eap-7.x-as-testsuite-core-rhel/b485da8d/maven-repo-local/commons-codec/commons-codec/1.9/commons-codec-1.9.jar:/home/hudson/hudson_workspace/workspace/eap-7.x-as-testsuite-core-rhel/b485da8d/maven-repo-local/org/apache/httpcomponents/httpcore/4.4.4/httpcore-4.4.4.jar:/home/hudson/hudson_workspace/workspace/eap-7.x-as-testsuite-core-rhel/b485da8d/maven-repo-local/org/slf4j/jcl-over-slf4j/1.7.22.jbossorg-1/jcl-over-slf4j-1.7.22.jbossorg-1.jar:/home/hudson/hudson_workspace/workspace/eap-7.x-as-testsuite-core-rhel/b485da8d/maven-repo-local/org/codehaus/plexus/plexus-utils/3.1.0/plexus-utils-3.1.0.jar:/home/hudson/hudson_workspace/workspace/eap-7.x-as-testsuite-core-rhel/b485da8d/maven-repo-local/org/wildfly/legacy/test/wildfly-legacy-versions/4.0.0.Final/wildfly-legacy-versions-4.0.0.Final.jar:/home/hudson/hudson_workspace/workspace/eap-7.x-as-testsuite-core-rhel/b485da8d/controller-client/target/wildfly-controller-client-7.0.0.Alpha3-SNAPSHOT.jar:/home/hudson/hudson_workspace/workspace/eap-7.x-as-testsuite-core-rhel/b485da8d/protocol/target/wildfly-protocol-7.0.0.Alpha3-SNAPSHOT.jar:/home/hudson/hudson_workspace/workspace/eap-7.x-as-testsuite-core-rhel/b485da8d/maven-repo-local/junit/junit/4.12/junit-4.12.jar:/home/hudson/hudson_workspace/workspace/eap-7.x-as-testsuite-core-rhel/b485da8d/maven-repo-local/org/hamcrest/hamcrest-core/1.3/hamcrest-core-1.3.jar:/home/hudson/hudson_workspace/workspace/eap-7.x-as-testsuite-core-rhel/b485da8d/maven-repo-local/org/jmockit/jmockit/1.39/jmockit-1.39.jar:/home/hudson/hudson_workspace/workspace/eap-7.x-as-testsuite-core-rhel/b485da8d/maven-repo-local/com/google/code/findbugs/jsr305/3.0.2/jsr305-3.0.2.jar:/home/hudson/hudson_workspace/workspace/eap-7.x-as-testsuite-core-rhel/b485da8d/maven-repo-local/org/bouncycastle/bcmail-jdk15on/1.56/bcmail-jdk15on-1.56.jar:/home/hudson/hudson_workspace/workspace/eap-7.x-as-testsuite-core-rhel/b485da8d/maven-repo-local/org/bouncycastle/bcprov-jdk15on/1.56/bcprov-jdk15on-1.56.jar:/home/hudson/hudson_workspace/workspace/eap-7.x-as-testsuite-core-rhel/b485da8d/maven-repo-local/org/bouncycastle/bcpkix-jdk15on/1.56/bcpkix-jdk15on-1.56.jar:/home/hudson/hudson_workspace/workspace/eap-7.x-as-testsuite-core-rhel/b485da8d/maven-repo-local/org/apache/directory/server/apacheds-all/2.0.0-M17/apacheds-all-2.0.0-M17.jar:/home/hudson/hudson_workspace/workspace/eap-7.x-as-testsuite-core-rhel/b485da8d/maven-repo-local/org/slf4j/slf4j-api/1.7.22.jbossorg-1/slf4j-api-1.7.22.jbossorg-1.jar:/home/hudson/hudson_workspace/workspace/eap-7.x-as-testsuite-core-rhel/b485da8d/maven-repo-local/com/fasterxml/jackson/core/jackson-databind/2.9.2/jackson-databind-2.9.2.jar:/home/hudson/hudson_workspace/workspace/eap-7.x-as-testsuite-core-rhel/b485da8d/maven-repo-local/com/fasterxml/jackson/core/jackson-annotations/2.9.0/jackson-annotations-2.9.0.jar:/home/hudson/hudson_workspace/workspace/eap-7.x-as-testsuite-core-rhel/b485da8d/maven-repo-local/com/fasterxml/jackson/core/jackson-core/2.9.2/jackson-core-2.9.2.jar:/home/hudson/hudson_workspace/workspace/eap-7.x-as-testsuite-core-rhel/b485da8d/maven-repo-local/org/mock-server/mockserver-netty/5.3.0/mockserver-netty-5.3.0.jar:/home/hudson/hudson_workspace/workspace/eap-7.x-as-testsuite-core-rhel/b485da8d/maven-repo-local/org/mock-server/mockserver-client-java/5.3.0/mockserver-client-java-5.3.0.jar:/home/hudson/hudson_workspace/workspace/eap-7.x-as-testsuite-core-rhel/b485da8d/maven-repo-local/org/mock-server/mockserver-core/5.3.0/mockserver-core-5.3.0.jar:/home/hudson/hudson_workspace/workspace/eap-7.x-as-testsuite-core-rhel/b485da8d/maven-repo-local/javax/servlet/javax.servlet-api/3.1.0/javax.servlet-api-3.1.0.jar:/home/hudson/hudson_workspace/workspace/eap-7.x-as-testsuite-core-rhel/b485da8d/maven-repo-local/io/netty/netty-codec-socks/4.1.17.Final/netty-codec-socks-4.1.17.Final.jar:/home/hudson/hudson_workspace/workspace/eap-7.x-as-testsuite-core-rhel/b485da8d/maven-repo-local/org/apache/velocity/velocity-engine-scripting/2.0/velocity-engine-scripting-2.0.jar:/home/hudson/hudson_workspace/workspace/eap-7.x-as-testsuite-core-rhel/b485da8d/maven-repo-local/org/apache/velocity/velocity-engine-core/2.0/velocity-engine-core-2.0.jar:/home/hudson/hudson_workspace/workspace/eap-7.x-as-testsuite-core-rhel/b485da8d/maven-repo-local/org/skyscreamer/jsonassert/1.5.0/jsonassert-1.5.0.jar:/home/hudson/hudson_workspace/workspace/eap-7.x-as-testsuite-core-rhel/b485da8d/maven-repo-local/com/vaadin/external/google/android-json/0.0.20131108.vaadin1/android-json-0.0.20131108.vaadin1.jar:/home/hudson/hudson_workspace/workspace/eap-7.x-as-testsuite-core-rhel/b485da8d/maven-repo-local/com/github/java-json-tools/json-schema-validator/2.2.8/json-schema-validator-2.2.8.jar:/home/hudson/hudson_workspace/workspace/eap-7.x-as-testsuite-core-rhel/b485da8d/maven-repo-local/com/github/java-json-tools/json-schema-core/1.2.8/json-schema-core-1.2.8.jar:/home/hudson/hudson_workspace/workspace/eap-7.x-as-testsuite-core-rhel/b485da8d/maven-repo-local/org/mozilla/rhino/1.7R4/rhino-1.7R4.jar:/home/hudson/hudson_workspace/workspace/eap-7.x-as-testsuite-core-rhel/b485da8d/maven-repo-local/com/github/fge/jackson-coreutils/1.8/jackson-coreutils-1.8.jar:/home/hudson/hudson_workspace/workspace/eap-7.x-as-testsuite-core-rhel/b485da8d/maven-repo-local/com/github/fge/msg-simple/1.1/msg-simple-1.1.jar:/home/hudson/hudson_workspace/workspace/eap-7.x-as-testsuite-core-rhel/b485da8d/maven-repo-local/com/github/fge/btf/1.2/btf-1.2.jar:/home/hudson/hudson_workspace/workspace/eap-7.x-as-testsuite-core-rhel/b485da8d/maven-repo-local/com/github/fge/uri-template/0.9/uri-template-0.9.jar:/home/hudson/hudson_workspace/workspace/eap-7.x-as-testsuite-core-rhel/b485da8d/maven-repo-local/javax/mail/mailapi/1.4.3/mailapi-1.4.3.jar:/home/hudson/hudson_workspace/workspace/eap-7.x-as-testsuite-core-rhel/b485da8d/maven-repo-local/javax/activation/activation/1.1/activation-1.1.jar:/home/hudson/hudson_workspace/workspace/eap-7.x-as-testsuite-core-rhel/b485da8d/maven-repo-local/joda-time/joda-time/2.9.7/joda-time-2.9.7.jar:/home/hudson/hudson_workspace/workspace/eap-7.x-as-testsuite-core-rhel/b485da8d/maven-repo-local/com/googlecode/libphonenumber/libphonenumber/8.0.0/libphonenumber-8.0.0.jar:/home/hudson/hudson_workspace/workspace/eap-7.x-as-testsuite-core-rhel/b485da8d/maven-repo-local/net/sf/jopt-simple/jopt-simple/5.0.3/jopt-simple-5.0.3.jar:/home/hudson/hudson_workspace/workspace/eap-7.x-as-testsuite-core-rhel/b485da8d/maven-repo-local/javax/xml/bind/jaxb-api/2.3.0/jaxb-api-2.3.0.jar:/home/hudson/hudson_workspace/workspace/eap-7.x-as-testsuite-core-rhel/b485da8d/maven-repo-local/org/apache/commons/commons-text/1.1/commons-text-1.1.jar:/home/hudson/hudson_workspace/workspace/eap-7.x-as-testsuite-core-rhel/b485da8d/maven-repo-local/commons-collections/commons-collections/3.2.2/commons-collections-3.2.2.jar:/home/hudson/hudson_workspace/workspace/eap-7.x-as-testsuite-core-rhel/b485da8d/maven-repo-local/commons-io/commons-io/2.5/commons-io-2.5.jar:/home/hudson/hudson_workspace/workspace/eap-7.x-as-testsuite-core-rhel/b485da8d/maven-repo-local/io/netty/netty-buffer/4.1.17.Final/netty-buffer-4.1.17.Final.jar:/home/hudson/hudson_workspace/workspace/eap-7.x-as-testsuite-core-rhel/b485da8d/maven-repo-local/io/netty/netty-codec/4.1.17.Final/netty-codec-4.1.17.Final.jar:/home/hudson/hudson_workspace/workspace/eap-7.x-as-testsuite-core-rhel/b485da8d/maven-repo-local/io/netty/netty-codec-http/4.1.17.Final/netty-codec-http-4.1.17.Final.jar:/home/hudson/hudson_workspace/workspace/eap-7.x-as-testsuite-core-rhel/b485da8d/maven-repo-local/io/netty/netty-common/4.1.17.Final/netty-common-4.1.17.Final.jar:/home/hudson/hudson_workspace/workspace/eap-7.x-as-testsuite-core-rhel/b485da8d/maven-repo-local/io/netty/netty-handler/4.1.17.Final/netty-handler-4.1.17.Final.jar:/home/hudson/hudson_workspace/workspace/eap-7.x-as-testsuite-core-rhel/b485da8d/maven-repo-local/io/netty/netty-transport/4.1.17.Final/netty-transport-4.1.17.Final.jar:/home/hudson/hudson_workspace/workspace/eap-7.x-as-testsuite-core-rhel/b485da8d/maven-repo-local/io/netty/netty-resolver/4.1.17.Final/netty-resolver-4.1.17.Final.jar:/home/hudson/hudson_workspace/workspace/eap-7.x-as-testsuite-core-rhel/b485da8d/maven-repo-local/janino/janino/2.5.10/janino-2.5.10.jar:/home/hudson/hudson_workspace/workspace/eap-7.x-as-testsuite-core-rhel/b485da8d/maven-repo-local/org/mock-server/mockserver-logging/5.3.0/mockserver-logging-5.3.0.jar:/home/hudson/hudson_workspace/workspace/eap-7.x-as-testsuite-core-rhel/b485da8d/maven-repo-local/org/mockito/mockito-core/2.18.0/mockito-core-2.18.0.jar:/home/hudson/hudson_workspace/workspace/eap-7.x-as-testsuite-core-rhel/b485da8d/maven-repo-local/net/bytebuddy/byte-buddy/1.8.3/byte-buddy-1.8.3.jar:/home/hudson/hudson_workspace/workspace/eap-7.x-as-testsuite-core-rhel/b485da8d/maven-repo-local/net/bytebuddy/byte-buddy-agent/1.8.3/byte-buddy-agent-1.8.3.jar:/home/hudson/hudson_workspace/workspace/eap-7.x-as-testsuite-core-rhel/b485da8d/maven-repo-local/org/objenesis/objenesis/2.6/objenesis-2.6.jar:"/>
    <property name="sun.cpu.endian" value="little"/>
    <property name="user.home" value="/home/hudson"/>
    <property name="user.language" value="en"/>
    <property name="java.util.prefs.PreferencesFactory" value="java.util.prefs.FileSystemPreferencesFactory"/>
    <property name="java.specification.vendor" value="Oracle Corporation"/>
    <property name="java.home" value="/home/hudson/hudson_workspace/workspace/eap-7.x-as-testsuite-core-rhel/b485da8d/tools/java/jre"/>
    <property name="ibm.signalhandling.rs" value="false"/>
    <property name="reuseForks" value="false"/>
    <property name="file.separator" value="/"/>
    <property name="basedir" value="/home/hudson/hudson_workspace/workspace/eap-7.x-as-testsuite-core-rhel/b485da8d/elytron"/>
    <property name="line.separator" value="&#10;"/>
    <property name="java.vm.specification.vendor" value="Oracle Corporation"/>
    <property name="java.specification.name" value="Java Platform API Specification"/>
    <property name="java.compiler" value="j9jit29"/>
    <property name="com.ibm.util.extralibs.properties" value=""/>
    <property name="sun.java.launcher.pid" value="27437"/>
    <property name="java.awt.graphicsenv" value="sun.awt.X11GraphicsEnvironment"/>
    <property name="com.ibm.oti.configuration" value="scar"/>
    <property name="java.awt.fonts" value=""/>
    <property name="surefire.real.class.path" value="/home/hudson/hudson_workspace/workspace/eap-7.x-as-testsuite-core-rhel/b485da8d/elytron/target/surefire/surefirebooter8386033053605249556.jar:/home/hudson/hudson_workspace/workspace/eap-7.x-as-testsuite-core-rhel/b485da8d/maven-repo-local/org/jmockit/jmockit/1.39/jmockit-1.39.jar:/home/hudson/hudson_workspace/workspace/eap-7.x-as-testsuite-core-rhel/b485da8d/maven-repo-local/org/jmockit/jmockit/1.39/jmockit-1.39.jar"/>
    <property name="com.ibm.oti.shared.enabled" value="false"/>
    <property name="sun.boot.class.path" value="/home/hudson/hudson_workspace/workspace/eap-7.x-as-testsuite-core-rhel/b485da8d/tools/java/jre/lib/amd64/compressedrefs/jclSC180/vm.jar:/home/hudson/hudson_workspace/workspace/eap-7.x-as-testsuite-core-rhel/b485da8d/tools/java/jre/lib/se-service.jar:/home/hudson/hudson_workspace/workspace/eap-7.x-as-testsuite-core-rhel/b485da8d/tools/java/jre/lib/cuda4j.jar:/home/hudson/hudson_workspace/workspace/eap-7.x-as-testsuite-core-rhel/b485da8d/tools/java/jre/lib/math.jar:/home/hudson/hudson_workspace/workspace/eap-7.x-as-testsuite-core-rhel/b485da8d/tools/java/jre/lib/ibmorb.jar:/home/hudson/hudson_workspace/workspace/eap-7.x-as-testsuite-core-rhel/b485da8d/tools/java/jre/lib/ibmorbapi.jar:/home/hudson/hudson_workspace/workspace/eap-7.x-as-testsuite-core-rhel/b485da8d/tools/java/jre/lib/ibmcfw.jar:/home/hudson/hudson_workspace/workspace/eap-7.x-as-testsuite-core-rhel/b485da8d/tools/java/jre/lib/ibmpkcs.jar:/home/hudson/hudson_workspace/workspace/eap-7.x-as-testsuite-core-rhel/b485da8d/tools/java/jre/lib/ibmcertpathfw.jar:/home/hudson/hudson_workspace/workspace/eap-7.x-as-testsuite-core-rhel/b485da8d/tools/java/jre/lib/ibmjgssfw.jar:/home/hudson/hudson_workspace/workspace/eap-7.x-as-testsuite-core-rhel/b485da8d/tools/java/jre/lib/ibmjssefw.jar:/home/hudson/hudson_workspace/workspace/eap-7.x-as-testsuite-core-rhel/b485da8d/tools/java/jre/lib/ibmsaslfw.jar:/home/hudson/hudson_workspace/workspace/eap-7.x-as-testsuite-core-rhel/b485da8d/tools/java/jre/lib/ibmjcefw.jar:/home/hudson/hudson_workspace/workspace/eap-7.x-as-testsuite-core-rhel/b485da8d/tools/java/jre/lib/ibmjgssprovider.jar:/home/hudson/hudson_workspace/workspace/eap-7.x-as-testsuite-core-rhel/b485da8d/tools/java/jre/lib/ibmjsseprovider2.jar:/home/hudson/hudson_workspace/workspace/eap-7.x-as-testsuite-core-rhel/b485da8d/tools/java/jre/lib/ibmcertpathprovider.jar:/home/hudson/hudson_workspace/workspace/eap-7.x-as-testsuite-core-rhel/b485da8d/tools/java/jre/lib/xmldsigfw.jar:/home/hudson/hudson_workspace/workspace/eap-7.x-as-testsuite-core-rhel/b485da8d/tools/java/jre/lib/xml.jar:/home/hudson/hudson_workspace/workspace/eap-7.x-as-testsuite-core-rhel/b485da8d/tools/java/jre/lib/charsets.jar:/home/hudson/hudson_workspace/workspace/eap-7.x-as-testsuite-core-rhel/b485da8d/tools/java/jre/lib/resources.jar:/home/hudson/hudson_workspace/workspace/eap-7.x-as-testsuite-core-rhel/b485da8d/tools/java/jre/lib/rt.jar:/home/hudson/hudson_workspace/workspace/eap-7.x-as-testsuite-core-rhel/b485da8d/tools/java/jre/lib/dataaccess.jar"/>
    <property name="com.ibm.oti.vm.bootstrap.library.path" value="/home/hudson/hudson_workspace/workspace/eap-7.x-as-testsuite-core-rhel/b485da8d/tools/java/jre/lib/amd64/compressedrefs:/home/hudson/hudson_workspace/workspace/eap-7.x-as-testsuite-core-rhel/b485da8d/tools/java/jre/lib/amd64"/>
    <property name="com.ibm.cpu.endian" value="little"/>
    <property name="java.fullversion" value="8.0.5.20 - pxa6480sr5fp20-20180802_01(SR5 FP20)&#10;JRE 1.8.0 Linux amd64-64-Bit Compressed References 20180731_393394 (JIT enabled, AOT enabled)&#10;OpenJ9   - bd23af8&#10;OMR      - ca1411c&#10;IBM      - 98805ca"/>
    <property name="java.runtime.version" value="8.0.5.20 - pxa6480sr5fp20-20180802_01(SR5 FP20)"/>
    <property name="user.name" value="hudson"/>
    <property name="test.level" value="INFO"/>
    <property name="path.separator" value=":"/>
    <property name="os.version" value="3.10.0-862.el7.x86_64"/>
    <property name="java.endorsed.dirs" value="/home/hudson/hudson_workspace/workspace/eap-7.x-as-testsuite-core-rhel/b485da8d/tools/java/jre/lib/endorsed"/>
    <property name="java.runtime.name" value="Java(TM) SE Runtime Environment"/>
    <property name="ibm.signalhandling.sigint" value="true"/>
    <property name="file.encoding" value="UTF-8"/>
    <property name="java.vm.name" value="IBM J9 VM"/>
    <property name="ibm.signalhandling.sigchain" value="true"/>
    <property name="localRepository" value="/home/hudson/hudson_workspace/workspace/eap-7.x-as-testsuite-core-rhel/b485da8d/maven-repo-local"/>
    <property name="java.io.tmpdir" value="/home/hudson/hudson_workspace/workspace/eap-7.x-as-testsuite-core-rhel/b485da8d/elytron/target"/>
    <property name="java.version" value="1.8.0_181"/>
    <property name="jboss.remoting.leakdebugging" value="false"/>
    <property name="com.ibm.system.agent.path" value="/home/hudson/hudson_workspace/workspace/eap-7.x-as-testsuite-core-rhel/b485da8d/tools/java/jre/lib/amd64"/>
    <property name="user.dir" value="/home/hudson/hudson_workspace/workspace/eap-7.x-as-testsuite-core-rhel/b485da8d/elytron"/>
    <property name="os.arch" value="amd64"/>
    <property name="org.jboss.model.test.cache.root" value="[pom.xml,testsuite]"/>
    <property name="java.vm.specification.name" value="Java Virtual Machine Specification"/>
    <property name="java.awt.printerjob" value="sun.print.PSPrinterJob"/>
    <property name="os.encoding" value="UTF-8"/>
    <property name="java.util.logging.manager" value="org.jboss.logmanager.LogManager"/>
    <property name="java.library.path" value="/home/hudson/hudson_workspace/workspace/eap-7.x-as-testsuite-core-rhel/b485da8d/tools/java/jre/lib/amd64/compressedrefs:/home/hudson/hudson_workspace/workspace/eap-7.x-as-testsuite-core-rhel/b485da8d/tools/java/jre/lib/amd64:/usr/lib64:/usr/lib"/>
    <property name="java.vendor" value="IBM Corporation"/>
    <property name="java.vm.info" value="JRE 1.8.0 Linux amd64-64-Bit Compressed References 20180731_393394 (JIT enabled, AOT enabled)&#10;OpenJ9   - bd23af8&#10;OMR      - ca1411c&#10;IBM      - 98805ca"/>
    <property name="java.vm.version" value="2.9"/>
    <property name="com.ibm.jcl.checkClassPath" value=""/>
    <property name="ibm.system.encoding" value="UTF-8"/>
    <property name="sun.io.unicode.encoding" value="UnicodeLittle"/>
    <property name="java.ext.dirs" value="/home/hudson/hudson_workspace/workspace/eap-7.x-as-testsuite-core-rhel/b485da8d/tools/java/jre/lib/ext"/>
    <property name="maven.repo.local" value="/home/hudson/hudson_workspace/workspace/eap-7.x-as-testsuite-core-rhel/b485da8d/maven-repo-local"/>
    <property name="java.class.version" value="52.0"/>
    <property name="maven.test.failure.ignore" value="true"/>
    <property name="org.jboss.model.test.cache.strict" value="true"/>
  </properties>
  <testcase name="testJwtRealm" classname="org.wildfly.extension.elytron.RealmsTestCase" time="2.86"/>
  <testcase name="testFilesystemRealm" classname="org.wildfly.extension.elytron.RealmsTestCase" time="0.421"/>
  <testcase name="testOAuth2Realm" classname="org.wildfly.extension.elytron.RealmsTestCase" time="0.259"/>
  <testcase name="testPropertyRealm" classname="org.wildfly.extension.elytron.RealmsTestCase" time="0.238"/>
  <testcase name="testSubsystem" classname="org.wildfly.extension.elytron.RealmsTestCase" time="0.651"/>
  <testcase name="testSchema" classname="org.wildfly.extension.elytron.RealmsTestCase" time="0">
    <skipped message="getSubsystemXsdPath() has been overridden to disable the validation of the subsystem templates"/>
  </testcase>
</testsuite>