<?xml version="1.0" encoding="UTF-8"?>
<testsuite xmlns:xsi="http://www.w3.org/2001/XMLSchema-instance" xsi:noNamespaceSchemaLocation="https://maven.apache.org/surefire/maven-surefire-plugin/xsd/surefire-test-report.xsd" name="org.jboss.as.test.integration.domain.rbac.PropertiesRoleMappingStandardRolesTestCase" time="9.849" tests="7" errors="0" skipped="0" failures="0">
  <properties>
    <property name="awt.toolkit" value="sun.awt.X11.XToolkit"/>
    <property name="java.specification.version" value="1.8"/>
    <property name="sun.jnu.encoding" value="UTF-8"/>
    <property name="jboss.test.host.slave.address" value="127.0.0.1"/>
    <property name="jboss.args" value="-Djboss.http.port=8080 -Djboss.bind.address=127.0.0.1"/>
    <property name="com.ibm.zero.version" value="2"/>
    <property name="settings.localRepository" value="/home/hudson/hudson_workspace/workspace/eap-7.x-as-testsuite-core-rhel/b485da8d/maven-repo-local"/>
    <property name="sun.arch.data.model" value="64"/>
    <property name="com.ibm.vm.bitmode" value="64"/>
    <property name="java.vendor.url" value="http://www.ibm.com"/>
    <property name="java.net.preferIPv6Addresses" value="false"/>
    <property name="sun.boot.library.path" value="/home/hudson/hudson_workspace/workspace/eap-7.x-as-testsuite-core-rhel/b485da8d/tools/java/jre/lib/amd64/compressedrefs:/home/hudson/hudson_workspace/workspace/eap-7.x-as-testsuite-core-rhel/b485da8d/tools/java/jre/lib/amd64"/>
    <property name="sun.java.command" value="/home/hudson/hudson_workspace/workspace/eap-7.x-as-testsuite-core-rhel/b485da8d/testsuite/domain/target/surefire/surefirebooter5506957752162913768.jar /home/hudson/hudson_workspace/workspace/eap-7.x-as-testsuite-core-rhel/b485da8d/testsuite/domain/target/surefire 2018-10-03T21-53-21_337-jvmRun1 surefire579338520210842741tmp surefire_6302848508059073863743tmp"/>
    <property name="java.specification.vendor" value="Oracle Corporation"/>
    <property name="org.wildfly.test.kill-servers-before-test" value="false"/>
    <property name="java.home" value="/home/hudson/hudson_workspace/workspace/eap-7.x-as-testsuite-core-rhel/b485da8d/tools/java/jre"/>
    <property name="ibm.signalhandling.rs" value="false"/>
    <property name="jboss.domain.server.args" value=""/>
    <property name="file.separator" value="/"/>
    <property name="basedir" value="/home/hudson/hudson_workspace/workspace/eap-7.x-as-testsuite-core-rhel/b485da8d/testsuite/domain"/>
    <property name="line.separator" value="&#10;"/>
    <property name="java.specification.name" value="Java Platform API Specification"/>
    <property name="java.vm.specification.vendor" value="Oracle Corporation"/>
    <property name="jboss.test.host.master.address" value="127.0.0.1"/>
    <property name="jboss.home" value="/home/hudson/hudson_workspace/workspace/eap-7.x-as-testsuite-core-rhel/b485da8d/testsuite/domain/target/wildfly-core"/>
    <property name="sun.java.launcher.pid" value="11344"/>
    <property name="java.awt.fonts" value=""/>
    <property name="sun.boot.class.path" value="/home/hudson/hudson_workspace/workspace/eap-7.x-as-testsuite-core-rhel/b485da8d/tools/java/jre/lib/amd64/compressedrefs/jclSC180/vm.jar:/home/hudson/hudson_workspace/workspace/eap-7.x-as-testsuite-core-rhel/b485da8d/tools/java/jre/lib/se-service.jar:/home/hudson/hudson_workspace/workspace/eap-7.x-as-testsuite-core-rhel/b485da8d/tools/java/jre/lib/cuda4j.jar:/home/hudson/hudson_workspace/workspace/eap-7.x-as-testsuite-core-rhel/b485da8d/tools/java/jre/lib/math.jar:/home/hudson/hudson_workspace/workspace/eap-7.x-as-testsuite-core-rhel/b485da8d/tools/java/jre/lib/ibmorb.jar:/home/hudson/hudson_workspace/workspace/eap-7.x-as-testsuite-core-rhel/b485da8d/tools/java/jre/lib/ibmorbapi.jar:/home/hudson/hudson_workspace/workspace/eap-7.x-as-testsuite-core-rhel/b485da8d/tools/java/jre/lib/ibmcfw.jar:/home/hudson/hudson_workspace/workspace/eap-7.x-as-testsuite-core-rhel/b485da8d/tools/java/jre/lib/ibmpkcs.jar:/home/hudson/hudson_workspace/workspace/eap-7.x-as-testsuite-core-rhel/b485da8d/tools/java/jre/lib/ibmcertpathfw.jar:/home/hudson/hudson_workspace/workspace/eap-7.x-as-testsuite-core-rhel/b485da8d/tools/java/jre/lib/ibmjgssfw.jar:/home/hudson/hudson_workspace/workspace/eap-7.x-as-testsuite-core-rhel/b485da8d/tools/java/jre/lib/ibmjssefw.jar:/home/hudson/hudson_workspace/workspace/eap-7.x-as-testsuite-core-rhel/b485da8d/tools/java/jre/lib/ibmsaslfw.jar:/home/hudson/hudson_workspace/workspace/eap-7.x-as-testsuite-core-rhel/b485da8d/tools/java/jre/lib/ibmjcefw.jar:/home/hudson/hudson_workspace/workspace/eap-7.x-as-testsuite-core-rhel/b485da8d/tools/java/jre/lib/ibmjgssprovider.jar:/home/hudson/hudson_workspace/workspace/eap-7.x-as-testsuite-core-rhel/b485da8d/tools/java/jre/lib/ibmjsseprovider2.jar:/home/hudson/hudson_workspace/workspace/eap-7.x-as-testsuite-core-rhel/b485da8d/tools/java/jre/lib/ibmcertpathprovider.jar:/home/hudson/hudson_workspace/workspace/eap-7.x-as-testsuite-core-rhel/b485da8d/tools/java/jre/lib/xmldsigfw.jar:/home/hudson/hudson_workspace/workspace/eap-7.x-as-testsuite-core-rhel/b485da8d/tools/java/jre/lib/xml.jar:/home/hudson/hudson_workspace/workspace/eap-7.x-as-testsuite-core-rhel/b485da8d/tools/java/jre/lib/charsets.jar:/home/hudson/hudson_workspace/workspace/eap-7.x-as-testsuite-core-rhel/b485da8d/tools/java/jre/lib/resources.jar:/home/hudson/hudson_workspace/workspace/eap-7.x-as-testsuite-core-rhel/b485da8d/tools/java/jre/lib/rt.jar:/home/hudson/hudson_workspace/workspace/eap-7.x-as-testsuite-core-rhel/b485da8d/tools/java/jre/lib/dataaccess.jar"/>
    <property name="java.fullversion" value="8.0.5.20 - pxa6480sr5fp20-20180802_01(SR5 FP20)&#10;JRE 1.8.0 Linux amd64-64-Bit Compressed References 20180731_393394 (JIT enabled, AOT enabled)&#10;OpenJ9   - bd23af8&#10;OMR      - ca1411c&#10;IBM      - 98805ca"/>
    <property name="java.runtime.version" value="8.0.5.20 - pxa6480sr5fp20-20180802_01(SR5 FP20)"/>
    <property name="test.level" value="INFO"/>
    <property name="user.name" value="hudson"/>
    <property name="file.encoding" value="UTF-8"/>
    <property name="ibm.signalhandling.sigchain" value="true"/>
    <property name="localRepository" value="/home/hudson/hudson_workspace/workspace/eap-7.x-as-testsuite-core-rhel/b485da8d/maven-repo-local"/>
    <property name="java.io.tmpdir" value="/home/hudson/hudson_workspace/workspace/eap-7.x-as-testsuite-core-rhel/b485da8d/testsuite/domain/target"/>
    <property name="java.version" value="1.8.0_181"/>
    <property name="com.ibm.system.agent.path" value="/home/hudson/hudson_workspace/workspace/eap-7.x-as-testsuite-core-rhel/b485da8d/tools/java/jre/lib/amd64"/>
    <property name="java.vm.specification.name" value="Java Virtual Machine Specification"/>
    <property name="jboss.bind.address" value="127.0.0.1"/>
    <property name="java.awt.printerjob" value="sun.print.PSPrinterJob"/>
    <property name="os.encoding" value="UTF-8"/>
    <property name="java.library.path" value="/home/hudson/hudson_workspace/workspace/eap-7.x-as-testsuite-core-rhel/b485da8d/tools/java/jre/lib/amd64/compressedrefs:/home/hudson/hudson_workspace/workspace/eap-7.x-as-testsuite-core-rhel/b485da8d/tools/java/jre/lib/amd64:/usr/lib64:/usr/lib"/>
    <property name="module.path" value="/home/hudson/hudson_workspace/workspace/eap-7.x-as-testsuite-core-rhel/b485da8d/testsuite/domain/target/wildfly-core/modules"/>
    <property name="java.vendor" value="IBM Corporation"/>
    <property name="ibm.system.encoding" value="UTF-8"/>
    <property name="sun.io.unicode.encoding" value="UnicodeLittle"/>
    <property name="maven.repo.local" value="/home/hudson/hudson_workspace/workspace/eap-7.x-as-testsuite-core-rhel/b485da8d/maven-repo-local"/>
    <property name="maven.test.failure.ignore" value="true"/>
    <property name="org.jboss.model.test.cache.strict" value="true"/>
    <property name="jboss.http.port" value="8080"/>
    <property name="file.encoding.pkg" value="sun.io"/>
    <property name="java.class.path" value="/home/hudson/hudson_workspace/workspace/eap-7.x-as-testsuite-core-rhel/b485da8d/testsuite/domain/target/test-classes:/home/hudson/hudson_workspace/workspace/eap-7.x-as-testsuite-core-rhel/b485da8d/testsuite/domain/target/classes:/home/hudson/hudson_workspace/workspace/eap-7.x-as-testsuite-core-rhel/b485da8d/testsuite/shared/target/wildfly-core-testsuite-shared-7.0.0.Alpha3-SNAPSHOT.jar:/home/hudson/hudson_workspace/workspace/eap-7.x-as-testsuite-core-rhel/b485da8d/maven-repo-local/commons-lang/commons-lang/2.6/commons-lang-2.6.jar:/home/hudson/hudson_workspace/workspace/eap-7.x-as-testsuite-core-rhel/b485da8d/maven-repo-local/commons-io/commons-io/2.5/commons-io-2.5.jar:/home/hudson/hudson_workspace/workspace/eap-7.x-as-testsuite-core-rhel/b485da8d/maven-repo-local/org/apache/httpcomponents/httpclient/4.5.2/httpclient-4.5.2.jar:/home/hudson/hudson_workspace/workspace/eap-7.x-as-testsuite-core-rhel/b485da8d/maven-repo-local/org/apache/httpcomponents/httpcore/4.4.4/httpcore-4.4.4.jar:/home/hudson/hudson_workspace/workspace/eap-7.x-as-testsuite-core-rhel/b485da8d/maven-repo-local/commons-codec/commons-codec/1.9/commons-codec-1.9.jar:/home/hudson/hudson_workspace/workspace/eap-7.x-as-testsuite-core-rhel/b485da8d/maven-repo-local/org/jboss/shrinkwrap/shrinkwrap-impl-base/1.2.6/shrinkwrap-impl-base-1.2.6.jar:/home/hudson/hudson_workspace/workspace/eap-7.x-as-testsuite-core-rhel/b485da8d/maven-repo-local/org/jboss/shrinkwrap/shrinkwrap-api/1.2.6/shrinkwrap-api-1.2.6.jar:/home/hudson/hudson_workspace/workspace/eap-7.x-as-testsuite-core-rhel/b485da8d/maven-repo-local/org/jboss/shrinkwrap/shrinkwrap-spi/1.2.6/shrinkwrap-spi-1.2.6.jar:/home/hudson/hudson_workspace/workspace/eap-7.x-as-testsuite-core-rhel/b485da8d/maven-repo-local/org/jboss/logging/jboss-logging/3.3.2.Final/jboss-logging-3.3.2.Final.jar:/home/hudson/hudson_workspace/workspace/eap-7.x-as-testsuite-core-rhel/b485da8d/maven-repo-local/org/jboss/logging/commons-logging-jboss-logging/1.0.0.Final/commons-logging-jboss-logging-1.0.0.Final.jar:/home/hudson/hudson_workspace/workspace/eap-7.x-as-testsuite-core-rhel/b485da8d/elytron/target/wildfly-elytron-integration-7.0.0.Alpha3-SNAPSHOT.jar:/home/hudson/hudson_workspace/workspace/eap-7.x-as-testsuite-core-rhel/b485da8d/maven-repo-local/javax/json/javax.json-api/1.1.2/javax.json-api-1.1.2.jar:/home/hudson/hudson_workspace/workspace/eap-7.x-as-testsuite-core-rhel/b485da8d/maven-repo-local/org/glassfish/javax.json/1.1.2/javax.json-1.1.2.jar:/home/hudson/hudson_workspace/workspace/eap-7.x-as-testsuite-core-rhel/b485da8d/server/target/wildfly-server-7.0.0.Alpha3-SNAPSHOT.jar:/home/hudson/hudson_workspace/workspace/eap-7.x-as-testsuite-core-rhel/b485da8d/domain-http/interface/target/wildfly-domain-http-interface-7.0.0.Alpha3-SNAPSHOT.jar:/home/hudson/hudson_workspace/workspace/eap-7.x-as-testsuite-core-rhel/b485da8d/maven-repo-local/org/wildfly/security/elytron-web/undertow-server/1.3.0.CR2/undertow-server-1.3.0.CR2.jar:/home/hudson/hudson_workspace/workspace/eap-7.x-as-testsuite-core-rhel/b485da8d/platform-mbean/target/wildfly-platform-mbean-7.0.0.Alpha3-SNAPSHOT.jar:/home/hudson/hudson_workspace/workspace/eap-7.x-as-testsuite-core-rhel/b485da8d/maven-repo-local/org/jboss/invocation/jboss-invocation/1.5.1.Final/jboss-invocation-1.5.1.Final.jar:/home/hudson/hudson_workspace/workspace/eap-7.x-as-testsuite-core-rhel/b485da8d/maven-repo-local/org/jboss/remoting/jboss-remoting/5.0.8.Final/jboss-remoting-5.0.8.Final.jar:/home/hudson/hudson_workspace/workspace/eap-7.x-as-testsuite-core-rhel/b485da8d/maven-repo-local/org/jboss/threads/jboss-threads/2.3.2.Final/jboss-threads-2.3.2.Final.jar:/home/hudson/hudson_workspace/workspace/eap-7.x-as-testsuite-core-rhel/b485da8d/maven-repo-local/org/jboss/jboss-vfs/3.2.14.Final/jboss-vfs-3.2.14.Final.jar:/home/hudson/hudson_workspace/workspace/eap-7.x-as-testsuite-core-rhel/b485da8d/maven-repo-local/io/undertow/undertow-core/2.0.13.Final/undertow-core-2.0.13.Final.jar:/home/hudson/hudson_workspace/workspace/eap-7.x-as-testsuite-core-rhel/b485da8d/maven-repo-local/com/jcraft/jsch/0.1.54/jsch-0.1.54.jar:/home/hudson/hudson_workspace/workspace/eap-7.x-as-testsuite-core-rhel/b485da8d/controller-client/target/wildfly-controller-client-7.0.0.Alpha3-SNAPSHOT.jar:/home/hudson/hudson_workspace/workspace/eap-7.x-as-testsuite-core-rhel/b485da8d/launcher/target/wildfly-launcher-7.0.0.Alpha3-SNAPSHOT.jar:/home/hudson/hudson_workspace/workspace/eap-7.x-as-testsuite-core-rhel/b485da8d/maven-repo-local/org/jboss/jandex/2.0.5.Final/jandex-2.0.5.Final.jar:/home/hudson/hudson_workspace/workspace/eap-7.x-as-testsuite-core-rhel/b485da8d/cli/target/wildfly-cli-7.0.0.Alpha3-SNAPSHOT.jar:/home/hudson/hudson_workspace/workspace/eap-7.x-as-testsuite-core-rhel/b485da8d/maven-repo-local/org/aesh/aesh-readline/1.11/aesh-readline-1.11.jar:/home/hudson/hudson_workspace/workspace/eap-7.x-as-testsuite-core-rhel/b485da8d/maven-repo-local/org/fusesource/jansi/jansi/1.16/jansi-1.16.jar:/home/hudson/hudson_workspace/workspace/eap-7.x-as-testsuite-core-rhel/b485da8d/maven-repo-local/org/aesh/aesh/1.8/aesh-1.8.jar:/home/hudson/hudson_workspace/workspace/eap-7.x-as-testsuite-core-rhel/b485da8d/maven-repo-local/org/aesh/aesh-extensions/1.6/aesh-extensions-1.6.jar:/home/hudson/hudson_workspace/workspace/eap-7.x-as-testsuite-core-rhel/b485da8d/embedded/target/wildfly-embedded-7.0.0.Alpha3-SNAPSHOT.jar:/home/hudson/hudson_workspace/workspace/eap-7.x-as-testsuite-core-rhel/b485da8d/tools/java/jre/../lib/jconsole.jar:/home/hudson/hudson_workspace/workspace/eap-7.x-as-testsuite-core-rhel/b485da8d/network/target/wildfly-network-7.0.0.Alpha3-SNAPSHOT.jar:/home/hudson/hudson_workspace/workspace/eap-7.x-as-testsuite-core-rhel/b485da8d/request-controller/target/wildfly-request-controller-7.0.0.Alpha3-SNAPSHOT.jar:/home/hudson/hudson_workspace/workspace/eap-7.x-as-testsuite-core-rhel/b485da8d/subsystem-test/framework/target/wildfly-subsystem-test-framework-7.0.0.Alpha3-SNAPSHOT.jar:/home/hudson/hudson_workspace/workspace/eap-7.x-as-testsuite-core-rhel/b485da8d/maven-repo-local/org/apache/maven/maven-resolver-provider/3.5.0/maven-resolver-provider-3.5.0.jar:/home/hudson/hudson_workspace/workspace/eap-7.x-as-testsuite-core-rhel/b485da8d/maven-repo-local/org/apache/maven/maven-model/3.5.0/maven-model-3.5.0.jar:/home/hudson/hudson_workspace/workspace/eap-7.x-as-testsuite-core-rhel/b485da8d/maven-repo-local/org/apache/maven/maven-model-builder/3.5.0/maven-model-builder-3.5.0.jar:/home/hudson/hudson_workspace/workspace/eap-7.x-as-testsuite-core-rhel/b485da8d/maven-repo-local/org/codehaus/plexus/plexus-interpolation/1.24/plexus-interpolation-1.24.jar:/home/hudson/hudson_workspace/workspace/eap-7.x-as-testsuite-core-rhel/b485da8d/maven-repo-local/org/apache/maven/maven-artifact/3.5.0/maven-artifact-3.5.0.jar:/home/hudson/hudson_workspace/workspace/eap-7.x-as-testsuite-core-rhel/b485da8d/maven-repo-local/org/apache/maven/maven-builder-support/3.5.0/maven-builder-support-3.5.0.jar:/home/hudson/hudson_workspace/workspace/eap-7.x-as-testsuite-core-rhel/b485da8d/maven-repo-local/com/google/guava/guava/20.0/guava-20.0.jar:/home/hudson/hudson_workspace/workspace/eap-7.x-as-testsuite-core-rhel/b485da8d/maven-repo-local/org/apache/maven/maven-repository-metadata/3.5.0/maven-repository-metadata-3.5.0.jar:/home/hudson/hudson_workspace/workspace/eap-7.x-as-testsuite-core-rhel/b485da8d/maven-repo-local/org/apache/maven/resolver/maven-resolver-api/1.1.0/maven-resolver-api-1.1.0.jar:/home/hudson/hudson_workspace/workspace/eap-7.x-as-testsuite-core-rhel/b485da8d/maven-repo-local/org/apache/maven/resolver/maven-resolver-spi/1.1.0/maven-resolver-spi-1.1.0.jar:/home/hudson/hudson_workspace/workspace/eap-7.x-as-testsuite-core-rhel/b485da8d/maven-repo-local/org/apache/maven/resolver/maven-resolver-util/1.1.0/maven-resolver-util-1.1.0.jar:/home/hudson/hudson_workspace/workspace/eap-7.x-as-testsuite-core-rhel/b485da8d/maven-repo-local/org/apache/maven/resolver/maven-resolver-impl/1.1.0/maven-resolver-impl-1.1.0.jar:/home/hudson/hudson_workspace/workspace/eap-7.x-as-testsuite-core-rhel/b485da8d/maven-repo-local/org/codehaus/plexus/plexus-component-annotations/1.7.1/plexus-component-annotations-1.7.1.jar:/home/hudson/hudson_workspace/workspace/eap-7.x-as-testsuite-core-rhel/b485da8d/maven-repo-local/org/codehaus/plexus/plexus-utils/3.1.0/plexus-utils-3.1.0.jar:/home/hudson/hudson_workspace/workspace/eap-7.x-as-testsuite-core-rhel/b485da8d/maven-repo-local/org/apache/commons/commons-lang3/3.5/commons-lang3-3.5.jar:/home/hudson/hudson_workspace/workspace/eap-7.x-as-testsuite-core-rhel/b485da8d/maven-repo-local/org/wildfly/legacy/test/wildfly-legacy-spi/4.0.0.Final/wildfly-legacy-spi-4.0.0.Final.jar:/home/hudson/hudson_workspace/workspace/eap-7.x-as-testsuite-core-rhel/b485da8d/model-test/target/wildfly-model-test-7.0.0.Alpha3-SNAPSHOT.jar:/home/hudson/hudson_workspace/workspace/eap-7.x-as-testsuite-core-rhel/b485da8d/maven-repo-local/org/apache/maven/resolver/maven-resolver-connector-basic/1.1.0/maven-resolver-connector-basic-1.1.0.jar:/home/hudson/hudson_workspace/workspace/eap-7.x-as-testsuite-core-rhel/b485da8d/maven-repo-local/org/apache/maven/resolver/maven-resolver-transport-file/1.1.0/maven-resolver-transport-file-1.1.0.jar:/home/hudson/hudson_workspace/workspace/eap-7.x-as-testsuite-core-rhel/b485da8d/maven-repo-local/org/apache/maven/resolver/maven-resolver-transport-http/1.1.0/maven-resolver-transport-http-1.1.0.jar:/home/hudson/hudson_workspace/workspace/eap-7.x-as-testsuite-core-rhel/b485da8d/maven-repo-local/org/slf4j/jcl-over-slf4j/1.7.22.jbossorg-1/jcl-over-slf4j-1.7.22.jbossorg-1.jar:/home/hudson/hudson_workspace/workspace/eap-7.x-as-testsuite-core-rhel/b485da8d/maven-repo-local/org/wildfly/legacy/test/wildfly-legacy-versions/4.0.0.Final/wildfly-legacy-versions-4.0.0.Final.jar:/home/hudson/hudson_workspace/workspace/eap-7.x-as-testsuite-core-rhel/b485da8d/core-management/core-management-client/target/wildfly-core-management-client-7.0.0.Alpha3-SNAPSHOT.jar:/home/hudson/hudson_workspace/workspace/eap-7.x-as-testsuite-core-rhel/b485da8d/maven-repo-local/org/syslog4j/syslog4j/0.9.30/syslog4j-0.9.30.jar:/home/hudson/hudson_workspace/workspace/eap-7.x-as-testsuite-core-rhel/b485da8d/testsuite/test-runner/target/wildfly-core-test-runner-7.0.0.Alpha3-SNAPSHOT.jar:/home/hudson/hudson_workspace/workspace/eap-7.x-as-testsuite-core-rhel/b485da8d/maven-repo-local/javax/inject/javax.inject/1/javax.inject-1.jar:/home/hudson/hudson_workspace/workspace/eap-7.x-as-testsuite-core-rhel/b485da8d/maven-repo-local/com/io7m/xom/xom/1.2.10/xom-1.2.10.jar:/home/hudson/hudson_workspace/workspace/eap-7.x-as-testsuite-core-rhel/b485da8d/maven-repo-local/org/picketbox/picketbox/5.0.3.Final/picketbox-5.0.3.Final.jar:/home/hudson/hudson_workspace/workspace/eap-7.x-as-testsuite-core-rhel/b485da8d/maven-repo-local/org/apache/directory/server/apacheds-all/2.0.0-M15/apacheds-all-2.0.0-M15.jar:/home/hudson/hudson_workspace/workspace/eap-7.x-as-testsuite-core-rhel/b485da8d/maven-repo-local/org/slf4j/slf4j-api/1.7.22.jbossorg-1/slf4j-api-1.7.22.jbossorg-1.jar:/home/hudson/hudson_workspace/workspace/eap-7.x-as-testsuite-core-rhel/b485da8d/jmx/target/wildfly-jmx-7.0.0.Alpha3-SNAPSHOT.jar:/home/hudson/hudson_workspace/workspace/eap-7.x-as-testsuite-core-rhel/b485da8d/maven-repo-local/org/jboss/msc/jboss-msc/1.4.5.Final/jboss-msc-1.4.5.Final.jar:/home/hudson/hudson_workspace/workspace/eap-7.x-as-testsuite-core-rhel/b485da8d/maven-repo-local/org/jboss/remotingjmx/remoting-jmx/3.0.0.Final/remoting-jmx-3.0.0.Final.jar:/home/hudson/hudson_workspace/workspace/eap-7.x-as-testsuite-core-rhel/b485da8d/maven-repo-local/org/jboss/xnio/xnio-api/3.6.5.Final/xnio-api-3.6.5.Final.jar:/home/hudson/hudson_workspace/workspace/eap-7.x-as-testsuite-core-rhel/b485da8d/maven-repo-local/org/jboss/xnio/xnio-nio/3.6.5.Final/xnio-nio-3.6.5.Final.jar:/home/hudson/hudson_workspace/workspace/eap-7.x-as-testsuite-core-rhel/b485da8d/maven-repo-local/org/wildfly/client/wildfly-client-config/1.0.1.Final/wildfly-client-config-1.0.1.Final.jar:/home/hudson/hudson_workspace/workspace/eap-7.x-as-testsuite-core-rhel/b485da8d/maven-repo-local/org/jboss/marshalling/jboss-marshalling/2.0.6.Final/jboss-marshalling-2.0.6.Final.jar:/home/hudson/hudson_workspace/workspace/eap-7.x-as-testsuite-core-rhel/b485da8d/maven-repo-local/org/jboss/marshalling/jboss-marshalling-river/2.0.6.Final/jboss-marshalling-river-2.0.6.Final.jar:/home/hudson/hudson_workspace/workspace/eap-7.x-as-testsuite-core-rhel/b485da8d/maven-repo-local/org/wildfly/security/wildfly-elytron/1.7.0.CR2/wildfly-elytron-1.7.0.CR2.jar:/home/hudson/hudson_workspace/workspace/eap-7.x-as-testsuite-core-rhel/b485da8d/remoting/subsystem/target/wildfly-remoting-7.0.0.Alpha3-SNAPSHOT.jar:/home/hudson/hudson_workspace/workspace/eap-7.x-as-testsuite-core-rhel/b485da8d/domain-management/target/wildfly-domain-management-7.0.0.Alpha3-SNAPSHOT.jar:/home/hudson/hudson_workspace/workspace/eap-7.x-as-testsuite-core-rhel/b485da8d/io/subsystem/target/wildfly-io-7.0.0.Alpha3-SNAPSHOT.jar:/home/hudson/hudson_workspace/workspace/eap-7.x-as-testsuite-core-rhel/b485da8d/maven-repo-local/junit/junit/4.12/junit-4.12.jar:/home/hudson/hudson_workspace/workspace/eap-7.x-as-testsuite-core-rhel/b485da8d/maven-repo-local/org/hamcrest/hamcrest-core/1.3/hamcrest-core-1.3.jar:/home/hudson/hudson_workspace/workspace/eap-7.x-as-testsuite-core-rhel/b485da8d/controller/target/wildfly-controller-7.0.0.Alpha3-SNAPSHOT.jar:/home/hudson/hudson_workspace/workspace/eap-7.x-as-testsuite-core-rhel/b485da8d/maven-repo-local/org/jboss/jboss-dmr/1.5.0.Final/jboss-dmr-1.5.0.Final.jar:/home/hudson/hudson_workspace/workspace/eap-7.x-as-testsuite-core-rhel/b485da8d/core-security/implementation/target/wildfly-core-security-7.0.0.Alpha3-SNAPSHOT.jar:/home/hudson/hudson_workspace/workspace/eap-7.x-as-testsuite-core-rhel/b485da8d/core-security/api/target/wildfly-core-security-api-7.0.0.Alpha3-SNAPSHOT.jar:/home/hudson/hudson_workspace/workspace/eap-7.x-as-testsuite-core-rhel/b485da8d/version/target/wildfly-version-7.0.0.Alpha3-SNAPSHOT.jar:/home/hudson/hudson_workspace/workspace/eap-7.x-as-testsuite-core-rhel/b485da8d/maven-repo-local/org/jboss/modules/jboss-modules/1.8.6.Final/jboss-modules-1.8.6.Final.jar:/home/hudson/hudson_workspace/workspace/eap-7.x-as-testsuite-core-rhel/b485da8d/maven-repo-local/org/jboss/logmanager/jboss-logmanager/2.1.4.Final/jboss-logmanager-2.1.4.Final.jar:/home/hudson/hudson_workspace/workspace/eap-7.x-as-testsuite-core-rhel/b485da8d/maven-repo-local/org/jboss/staxmapper/1.3.0.Final/staxmapper-1.3.0.Final.jar:/home/hudson/hudson_workspace/workspace/eap-7.x-as-testsuite-core-rhel/b485da8d/maven-repo-local/org/wildfly/common/wildfly-common/1.4.0.Final/wildfly-common-1.4.0.Final.jar:/home/hudson/hudson_workspace/workspace/eap-7.x-as-testsuite-core-rhel/b485da8d/maven-repo-local/org/projectodd/vdx/vdx-wildfly/1.1.6/vdx-wildfly-1.1.6.jar:/home/hudson/hudson_workspace/workspace/eap-7.x-as-testsuite-core-rhel/b485da8d/maven-repo-local/org/projectodd/vdx/vdx-core/1.1.6/vdx-core-1.1.6.jar:/home/hudson/hudson_workspace/workspace/eap-7.x-as-testsuite-core-rhel/b485da8d/maven-repo-local/org/eclipse/jgit/org.eclipse.jgit/5.0.2.201807311906-r/org.eclipse.jgit-5.0.2.201807311906-r.jar:/home/hudson/hudson_workspace/workspace/eap-7.x-as-testsuite-core-rhel/b485da8d/maven-repo-local/com/jcraft/jzlib/1.1.1/jzlib-1.1.1.jar:/home/hudson/hudson_workspace/workspace/eap-7.x-as-testsuite-core-rhel/b485da8d/maven-repo-local/com/googlecode/javaewah/JavaEWAH/1.1.6/JavaEWAH-1.1.6.jar:/home/hudson/hudson_workspace/workspace/eap-7.x-as-testsuite-core-rhel/b485da8d/host-controller/target/wildfly-host-controller-7.0.0.Alpha3-SNAPSHOT.jar:/home/hudson/hudson_workspace/workspace/eap-7.x-as-testsuite-core-rhel/b485da8d/deployment-repository/target/wildfly-deployment-repository-7.0.0.Alpha3-SNAPSHOT.jar:/home/hudson/hudson_workspace/workspace/eap-7.x-as-testsuite-core-rhel/b485da8d/process-controller/target/wildfly-process-controller-7.0.0.Alpha3-SNAPSHOT.jar:/home/hudson/hudson_workspace/workspace/eap-7.x-as-testsuite-core-rhel/b485da8d/protocol/target/wildfly-protocol-7.0.0.Alpha3-SNAPSHOT.jar:/home/hudson/hudson_workspace/workspace/eap-7.x-as-testsuite-core-rhel/b485da8d/management-client-content/target/wildfly-management-client-content-7.0.0.Alpha3-SNAPSHOT.jar:/home/hudson/hudson_workspace/workspace/eap-7.x-as-testsuite-core-rhel/b485da8d/maven-repo-local/org/jboss/stdio/jboss-stdio/1.0.2.GA/jboss-stdio-1.0.2.GA.jar:/home/hudson/hudson_workspace/workspace/eap-7.x-as-testsuite-core-rhel/b485da8d/maven-repo-local/com/fasterxml/woodstox/woodstox-core/5.0.3/woodstox-core-5.0.3.jar:/home/hudson/hudson_workspace/workspace/eap-7.x-as-testsuite-core-rhel/b485da8d/maven-repo-local/org/codehaus/woodstox/stax2-api/3.1.4/stax2-api-3.1.4.jar:/home/hudson/hudson_workspace/workspace/eap-7.x-as-testsuite-core-rhel/b485da8d/maven-repo-local/xerces/xercesImpl/2.12.0.SP02/xercesImpl-2.12.0.SP02.jar:/home/hudson/hudson_workspace/workspace/eap-7.x-as-testsuite-core-rhel/b485da8d/maven-repo-local/xalan/xalan/2.7.1.jbossorg-2/xalan-2.7.1.jbossorg-2.jar:/home/hudson/hudson_workspace/workspace/eap-7.x-as-testsuite-core-rhel/b485da8d/maven-repo-local/xalan/serializer/2.7.1.jbossorg-2/serializer-2.7.1.jbossorg-2.jar:"/>
    <property name="org.jboss.model.test.classpath.cache" value="target/model-test-cache"/>
    <property name="java.vm.vendor" value="IBM Corporation"/>
    <property name="allTests" value="true"/>
    <property name="user.variant" value=""/>
    <property name="com.ibm.oti.vm.library.version" value="29"/>
    <property name="user.timezone" value=""/>
    <property name="os.name" value="Linux"/>
    <property name="java.vm.specification.version" value="1.8"/>
    <property name="sun.java.launcher" value="SUN_STANDARD"/>
    <property name="user.country" value="US"/>
    <property name="surefire.test.class.path" value="/home/hudson/hudson_workspace/workspace/eap-7.x-as-testsuite-core-rhel/b485da8d/testsuite/domain/target/test-classes:/home/hudson/hudson_workspace/workspace/eap-7.x-as-testsuite-core-rhel/b485da8d/testsuite/domain/target/classes:/home/hudson/hudson_workspace/workspace/eap-7.x-as-testsuite-core-rhel/b485da8d/testsuite/shared/target/wildfly-core-testsuite-shared-7.0.0.Alpha3-SNAPSHOT.jar:/home/hudson/hudson_workspace/workspace/eap-7.x-as-testsuite-core-rhel/b485da8d/maven-repo-local/commons-lang/commons-lang/2.6/commons-lang-2.6.jar:/home/hudson/hudson_workspace/workspace/eap-7.x-as-testsuite-core-rhel/b485da8d/maven-repo-local/commons-io/commons-io/2.5/commons-io-2.5.jar:/home/hudson/hudson_workspace/workspace/eap-7.x-as-testsuite-core-rhel/b485da8d/maven-repo-local/org/apache/httpcomponents/httpclient/4.5.2/httpclient-4.5.2.jar:/home/hudson/hudson_workspace/workspace/eap-7.x-as-testsuite-core-rhel/b485da8d/maven-repo-local/org/apache/httpcomponents/httpcore/4.4.4/httpcore-4.4.4.jar:/home/hudson/hudson_workspace/workspace/eap-7.x-as-testsuite-core-rhel/b485da8d/maven-repo-local/commons-codec/commons-codec/1.9/commons-codec-1.9.jar:/home/hudson/hudson_workspace/workspace/eap-7.x-as-testsuite-core-rhel/b485da8d/maven-repo-local/org/jboss/shrinkwrap/shrinkwrap-impl-base/1.2.6/shrinkwrap-impl-base-1.2.6.jar:/home/hudson/hudson_workspace/workspace/eap-7.x-as-testsuite-core-rhel/b485da8d/maven-repo-local/org/jboss/shrinkwrap/shrinkwrap-api/1.2.6/shrinkwrap-api-1.2.6.jar:/home/hudson/hudson_workspace/workspace/eap-7.x-as-testsuite-core-rhel/b485da8d/maven-repo-local/org/jboss/shrinkwrap/shrinkwrap-spi/1.2.6/shrinkwrap-spi-1.2.6.jar:/home/hudson/hudson_workspace/workspace/eap-7.x-as-testsuite-core-rhel/b485da8d/maven-repo-local/org/jboss/logging/jboss-logging/3.3.2.Final/jboss-logging-3.3.2.Final.jar:/home/hudson/hudson_workspace/workspace/eap-7.x-as-testsuite-core-rhel/b485da8d/maven-repo-local/org/jboss/logging/commons-logging-jboss-logging/1.0.0.Final/commons-logging-jboss-logging-1.0.0.Final.jar:/home/hudson/hudson_workspace/workspace/eap-7.x-as-testsuite-core-rhel/b485da8d/elytron/target/wildfly-elytron-integration-7.0.0.Alpha3-SNAPSHOT.jar:/home/hudson/hudson_workspace/workspace/eap-7.x-as-testsuite-core-rhel/b485da8d/maven-repo-local/javax/json/javax.json-api/1.1.2/javax.json-api-1.1.2.jar:/home/hudson/hudson_workspace/workspace/eap-7.x-as-testsuite-core-rhel/b485da8d/maven-repo-local/org/glassfish/javax.json/1.1.2/javax.json-1.1.2.jar:/home/hudson/hudson_workspace/workspace/eap-7.x-as-testsuite-core-rhel/b485da8d/server/target/wildfly-server-7.0.0.Alpha3-SNAPSHOT.jar:/home/hudson/hudson_workspace/workspace/eap-7.x-as-testsuite-core-rhel/b485da8d/domain-http/interface/target/wildfly-domain-http-interface-7.0.0.Alpha3-SNAPSHOT.jar:/home/hudson/hudson_workspace/workspace/eap-7.x-as-testsuite-core-rhel/b485da8d/maven-repo-local/org/wildfly/security/elytron-web/undertow-server/1.3.0.CR2/undertow-server-1.3.0.CR2.jar:/home/hudson/hudson_workspace/workspace/eap-7.x-as-testsuite-core-rhel/b485da8d/platform-mbean/target/wildfly-platform-mbean-7.0.0.Alpha3-SNAPSHOT.jar:/home/hudson/hudson_workspace/workspace/eap-7.x-as-testsuite-core-rhel/b485da8d/maven-repo-local/org/jboss/invocation/jboss-invocation/1.5.1.Final/jboss-invocation-1.5.1.Final.jar:/home/hudson/hudson_workspace/workspace/eap-7.x-as-testsuite-core-rhel/b485da8d/maven-repo-local/org/jboss/remoting/jboss-remoting/5.0.8.Final/jboss-remoting-5.0.8.Final.jar:/home/hudson/hudson_workspace/workspace/eap-7.x-as-testsuite-core-rhel/b485da8d/maven-repo-local/org/jboss/threads/jboss-threads/2.3.2.Final/jboss-threads-2.3.2.Final.jar:/home/hudson/hudson_workspace/workspace/eap-7.x-as-testsuite-core-rhel/b485da8d/maven-repo-local/org/jboss/jboss-vfs/3.2.14.Final/jboss-vfs-3.2.14.Final.jar:/home/hudson/hudson_workspace/workspace/eap-7.x-as-testsuite-core-rhel/b485da8d/maven-repo-local/io/undertow/undertow-core/2.0.13.Final/undertow-core-2.0.13.Final.jar:/home/hudson/hudson_workspace/workspace/eap-7.x-as-testsuite-core-rhel/b485da8d/maven-repo-local/com/jcraft/jsch/0.1.54/jsch-0.1.54.jar:/home/hudson/hudson_workspace/workspace/eap-7.x-as-testsuite-core-rhel/b485da8d/controller-client/target/wildfly-controller-client-7.0.0.Alpha3-SNAPSHOT.jar:/home/hudson/hudson_workspace/workspace/eap-7.x-as-testsuite-core-rhel/b485da8d/launcher/target/wildfly-launcher-7.0.0.Alpha3-SNAPSHOT.jar:/home/hudson/hudson_workspace/workspace/eap-7.x-as-testsuite-core-rhel/b485da8d/maven-repo-local/org/jboss/jandex/2.0.5.Final/jandex-2.0.5.Final.jar:/home/hudson/hudson_workspace/workspace/eap-7.x-as-testsuite-core-rhel/b485da8d/cli/target/wildfly-cli-7.0.0.Alpha3-SNAPSHOT.jar:/home/hudson/hudson_workspace/workspace/eap-7.x-as-testsuite-core-rhel/b485da8d/maven-repo-local/org/aesh/aesh-readline/1.11/aesh-readline-1.11.jar:/home/hudson/hudson_workspace/workspace/eap-7.x-as-testsuite-core-rhel/b485da8d/maven-repo-local/org/fusesource/jansi/jansi/1.16/jansi-1.16.jar:/home/hudson/hudson_workspace/workspace/eap-7.x-as-testsuite-core-rhel/b485da8d/maven-repo-local/org/aesh/aesh/1.8/aesh-1.8.jar:/home/hudson/hudson_workspace/workspace/eap-7.x-as-testsuite-core-rhel/b485da8d/maven-repo-local/org/aesh/aesh-extensions/1.6/aesh-extensions-1.6.jar:/home/hudson/hudson_workspace/workspace/eap-7.x-as-testsuite-core-rhel/b485da8d/embedded/target/wildfly-embedded-7.0.0.Alpha3-SNAPSHOT.jar:/home/hudson/hudson_workspace/workspace/eap-7.x-as-testsuite-core-rhel/b485da8d/tools/java/jre/../lib/jconsole.jar:/home/hudson/hudson_workspace/workspace/eap-7.x-as-testsuite-core-rhel/b485da8d/network/target/wildfly-network-7.0.0.Alpha3-SNAPSHOT.jar:/home/hudson/hudson_workspace/workspace/eap-7.x-as-testsuite-core-rhel/b485da8d/request-controller/target/wildfly-request-controller-7.0.0.Alpha3-SNAPSHOT.jar:/home/hudson/hudson_workspace/workspace/eap-7.x-as-testsuite-core-rhel/b485da8d/subsystem-test/framework/target/wildfly-subsystem-test-framework-7.0.0.Alpha3-SNAPSHOT.jar:/home/hudson/hudson_workspace/workspace/eap-7.x-as-testsuite-core-rhel/b485da8d/maven-repo-local/org/apache/maven/maven-resolver-provider/3.5.0/maven-resolver-provider-3.5.0.jar:/home/hudson/hudson_workspace/workspace/eap-7.x-as-testsuite-core-rhel/b485da8d/maven-repo-local/org/apache/maven/maven-model/3.5.0/maven-model-3.5.0.jar:/home/hudson/hudson_workspace/workspace/eap-7.x-as-testsuite-core-rhel/b485da8d/maven-repo-local/org/apache/maven/maven-model-builder/3.5.0/maven-model-builder-3.5.0.jar:/home/hudson/hudson_workspace/workspace/eap-7.x-as-testsuite-core-rhel/b485da8d/maven-repo-local/org/codehaus/plexus/plexus-interpolation/1.24/plexus-interpolation-1.24.jar:/home/hudson/hudson_workspace/workspace/eap-7.x-as-testsuite-core-rhel/b485da8d/maven-repo-local/org/apache/maven/maven-artifact/3.5.0/maven-artifact-3.5.0.jar:/home/hudson/hudson_workspace/workspace/eap-7.x-as-testsuite-core-rhel/b485da8d/maven-repo-local/org/apache/maven/maven-builder-support/3.5.0/maven-builder-support-3.5.0.jar:/home/hudson/hudson_workspace/workspace/eap-7.x-as-testsuite-core-rhel/b485da8d/maven-repo-local/com/google/guava/guava/20.0/guava-20.0.jar:/home/hudson/hudson_workspace/workspace/eap-7.x-as-testsuite-core-rhel/b485da8d/maven-repo-local/org/apache/maven/maven-repository-metadata/3.5.0/maven-repository-metadata-3.5.0.jar:/home/hudson/hudson_workspace/workspace/eap-7.x-as-testsuite-core-rhel/b485da8d/maven-repo-local/org/apache/maven/resolver/maven-resolver-api/1.1.0/maven-resolver-api-1.1.0.jar:/home/hudson/hudson_workspace/workspace/eap-7.x-as-testsuite-core-rhel/b485da8d/maven-repo-local/org/apache/maven/resolver/maven-resolver-spi/1.1.0/maven-resolver-spi-1.1.0.jar:/home/hudson/hudson_workspace/workspace/eap-7.x-as-testsuite-core-rhel/b485da8d/maven-repo-local/org/apache/maven/resolver/maven-resolver-util/1.1.0/maven-resolver-util-1.1.0.jar:/home/hudson/hudson_workspace/workspace/eap-7.x-as-testsuite-core-rhel/b485da8d/maven-repo-local/org/apache/maven/resolver/maven-resolver-impl/1.1.0/maven-resolver-impl-1.1.0.jar:/home/hudson/hudson_workspace/workspace/eap-7.x-as-testsuite-core-rhel/b485da8d/maven-repo-local/org/codehaus/plexus/plexus-component-annotations/1.7.1/plexus-component-annotations-1.7.1.jar:/home/hudson/hudson_workspace/workspace/eap-7.x-as-testsuite-core-rhel/b485da8d/maven-repo-local/org/codehaus/plexus/plexus-utils/3.1.0/plexus-utils-3.1.0.jar:/home/hudson/hudson_workspace/workspace/eap-7.x-as-testsuite-core-rhel/b485da8d/maven-repo-local/org/apache/commons/commons-lang3/3.5/commons-lang3-3.5.jar:/home/hudson/hudson_workspace/workspace/eap-7.x-as-testsuite-core-rhel/b485da8d/maven-repo-local/org/wildfly/legacy/test/wildfly-legacy-spi/4.0.0.Final/wildfly-legacy-spi-4.0.0.Final.jar:/home/hudson/hudson_workspace/workspace/eap-7.x-as-testsuite-core-rhel/b485da8d/model-test/target/wildfly-model-test-7.0.0.Alpha3-SNAPSHOT.jar:/home/hudson/hudson_workspace/workspace/eap-7.x-as-testsuite-core-rhel/b485da8d/maven-repo-local/org/apache/maven/resolver/maven-resolver-connector-basic/1.1.0/maven-resolver-connector-basic-1.1.0.jar:/home/hudson/hudson_workspace/workspace/eap-7.x-as-testsuite-core-rhel/b485da8d/maven-repo-local/org/apache/maven/resolver/maven-resolver-transport-file/1.1.0/maven-resolver-transport-file-1.1.0.jar:/home/hudson/hudson_workspace/workspace/eap-7.x-as-testsuite-core-rhel/b485da8d/maven-repo-local/org/apache/maven/resolver/maven-resolver-transport-http/1.1.0/maven-resolver-transport-http-1.1.0.jar:/home/hudson/hudson_workspace/workspace/eap-7.x-as-testsuite-core-rhel/b485da8d/maven-repo-local/org/slf4j/jcl-over-slf4j/1.7.22.jbossorg-1/jcl-over-slf4j-1.7.22.jbossorg-1.jar:/home/hudson/hudson_workspace/workspace/eap-7.x-as-testsuite-core-rhel/b485da8d/maven-repo-local/org/wildfly/legacy/test/wildfly-legacy-versions/4.0.0.Final/wildfly-legacy-versions-4.0.0.Final.jar:/home/hudson/hudson_workspace/workspace/eap-7.x-as-testsuite-core-rhel/b485da8d/core-management/core-management-client/target/wildfly-core-management-client-7.0.0.Alpha3-SNAPSHOT.jar:/home/hudson/hudson_workspace/workspace/eap-7.x-as-testsuite-core-rhel/b485da8d/maven-repo-local/org/syslog4j/syslog4j/0.9.30/syslog4j-0.9.30.jar:/home/hudson/hudson_workspace/workspace/eap-7.x-as-testsuite-core-rhel/b485da8d/testsuite/test-runner/target/wildfly-core-test-runner-7.0.0.Alpha3-SNAPSHOT.jar:/home/hudson/hudson_workspace/workspace/eap-7.x-as-testsuite-core-rhel/b485da8d/maven-repo-local/javax/inject/javax.inject/1/javax.inject-1.jar:/home/hudson/hudson_workspace/workspace/eap-7.x-as-testsuite-core-rhel/b485da8d/maven-repo-local/com/io7m/xom/xom/1.2.10/xom-1.2.10.jar:/home/hudson/hudson_workspace/workspace/eap-7.x-as-testsuite-core-rhel/b485da8d/maven-repo-local/org/picketbox/picketbox/5.0.3.Final/picketbox-5.0.3.Final.jar:/home/hudson/hudson_workspace/workspace/eap-7.x-as-testsuite-core-rhel/b485da8d/maven-repo-local/org/apache/directory/server/apacheds-all/2.0.0-M15/apacheds-all-2.0.0-M15.jar:/home/hudson/hudson_workspace/workspace/eap-7.x-as-testsuite-core-rhel/b485da8d/maven-repo-local/org/slf4j/slf4j-api/1.7.22.jbossorg-1/slf4j-api-1.7.22.jbossorg-1.jar:/home/hudson/hudson_workspace/workspace/eap-7.x-as-testsuite-core-rhel/b485da8d/jmx/target/wildfly-jmx-7.0.0.Alpha3-SNAPSHOT.jar:/home/hudson/hudson_workspace/workspace/eap-7.x-as-testsuite-core-rhel/b485da8d/maven-repo-local/org/jboss/msc/jboss-msc/1.4.5.Final/jboss-msc-1.4.5.Final.jar:/home/hudson/hudson_workspace/workspace/eap-7.x-as-testsuite-core-rhel/b485da8d/maven-repo-local/org/jboss/remotingjmx/remoting-jmx/3.0.0.Final/remoting-jmx-3.0.0.Final.jar:/home/hudson/hudson_workspace/workspace/eap-7.x-as-testsuite-core-rhel/b485da8d/maven-repo-local/org/jboss/xnio/xnio-api/3.6.5.Final/xnio-api-3.6.5.Final.jar:/home/hudson/hudson_workspace/workspace/eap-7.x-as-testsuite-core-rhel/b485da8d/maven-repo-local/org/jboss/xnio/xnio-nio/3.6.5.Final/xnio-nio-3.6.5.Final.jar:/home/hudson/hudson_workspace/workspace/eap-7.x-as-testsuite-core-rhel/b485da8d/maven-repo-local/org/wildfly/client/wildfly-client-config/1.0.1.Final/wildfly-client-config-1.0.1.Final.jar:/home/hudson/hudson_workspace/workspace/eap-7.x-as-testsuite-core-rhel/b485da8d/maven-repo-local/org/jboss/marshalling/jboss-marshalling/2.0.6.Final/jboss-marshalling-2.0.6.Final.jar:/home/hudson/hudson_workspace/workspace/eap-7.x-as-testsuite-core-rhel/b485da8d/maven-repo-local/org/jboss/marshalling/jboss-marshalling-river/2.0.6.Final/jboss-marshalling-river-2.0.6.Final.jar:/home/hudson/hudson_workspace/workspace/eap-7.x-as-testsuite-core-rhel/b485da8d/maven-repo-local/org/wildfly/security/wildfly-elytron/1.7.0.CR2/wildfly-elytron-1.7.0.CR2.jar:/home/hudson/hudson_workspace/workspace/eap-7.x-as-testsuite-core-rhel/b485da8d/remoting/subsystem/target/wildfly-remoting-7.0.0.Alpha3-SNAPSHOT.jar:/home/hudson/hudson_workspace/workspace/eap-7.x-as-testsuite-core-rhel/b485da8d/domain-management/target/wildfly-domain-management-7.0.0.Alpha3-SNAPSHOT.jar:/home/hudson/hudson_workspace/workspace/eap-7.x-as-testsuite-core-rhel/b485da8d/io/subsystem/target/wildfly-io-7.0.0.Alpha3-SNAPSHOT.jar:/home/hudson/hudson_workspace/workspace/eap-7.x-as-testsuite-core-rhel/b485da8d/maven-repo-local/junit/junit/4.12/junit-4.12.jar:/home/hudson/hudson_workspace/workspace/eap-7.x-as-testsuite-core-rhel/b485da8d/maven-repo-local/org/hamcrest/hamcrest-core/1.3/hamcrest-core-1.3.jar:/home/hudson/hudson_workspace/workspace/eap-7.x-as-testsuite-core-rhel/b485da8d/controller/target/wildfly-controller-7.0.0.Alpha3-SNAPSHOT.jar:/home/hudson/hudson_workspace/workspace/eap-7.x-as-testsuite-core-rhel/b485da8d/maven-repo-local/org/jboss/jboss-dmr/1.5.0.Final/jboss-dmr-1.5.0.Final.jar:/home/hudson/hudson_workspace/workspace/eap-7.x-as-testsuite-core-rhel/b485da8d/core-security/implementation/target/wildfly-core-security-7.0.0.Alpha3-SNAPSHOT.jar:/home/hudson/hudson_workspace/workspace/eap-7.x-as-testsuite-core-rhel/b485da8d/core-security/api/target/wildfly-core-security-api-7.0.0.Alpha3-SNAPSHOT.jar:/home/hudson/hudson_workspace/workspace/eap-7.x-as-testsuite-core-rhel/b485da8d/version/target/wildfly-version-7.0.0.Alpha3-SNAPSHOT.jar:/home/hudson/hudson_workspace/workspace/eap-7.x-as-testsuite-core-rhel/b485da8d/maven-repo-local/org/jboss/modules/jboss-modules/1.8.6.Final/jboss-modules-1.8.6.Final.jar:/home/hudson/hudson_workspace/workspace/eap-7.x-as-testsuite-core-rhel/b485da8d/maven-repo-local/org/jboss/logmanager/jboss-logmanager/2.1.4.Final/jboss-logmanager-2.1.4.Final.jar:/home/hudson/hudson_workspace/workspace/eap-7.x-as-testsuite-core-rhel/b485da8d/maven-repo-local/org/jboss/staxmapper/1.3.0.Final/staxmapper-1.3.0.Final.jar:/home/hudson/hudson_workspace/workspace/eap-7.x-as-testsuite-core-rhel/b485da8d/maven-repo-local/org/wildfly/common/wildfly-common/1.4.0.Final/wildfly-common-1.4.0.Final.jar:/home/hudson/hudson_workspace/workspace/eap-7.x-as-testsuite-core-rhel/b485da8d/maven-repo-local/org/projectodd/vdx/vdx-wildfly/1.1.6/vdx-wildfly-1.1.6.jar:/home/hudson/hudson_workspace/workspace/eap-7.x-as-testsuite-core-rhel/b485da8d/maven-repo-local/org/projectodd/vdx/vdx-core/1.1.6/vdx-core-1.1.6.jar:/home/hudson/hudson_workspace/workspace/eap-7.x-as-testsuite-core-rhel/b485da8d/maven-repo-local/org/eclipse/jgit/org.eclipse.jgit/5.0.2.201807311906-r/org.eclipse.jgit-5.0.2.201807311906-r.jar:/home/hudson/hudson_workspace/workspace/eap-7.x-as-testsuite-core-rhel/b485da8d/maven-repo-local/com/jcraft/jzlib/1.1.1/jzlib-1.1.1.jar:/home/hudson/hudson_workspace/workspace/eap-7.x-as-testsuite-core-rhel/b485da8d/maven-repo-local/com/googlecode/javaewah/JavaEWAH/1.1.6/JavaEWAH-1.1.6.jar:/home/hudson/hudson_workspace/workspace/eap-7.x-as-testsuite-core-rhel/b485da8d/host-controller/target/wildfly-host-controller-7.0.0.Alpha3-SNAPSHOT.jar:/home/hudson/hudson_workspace/workspace/eap-7.x-as-testsuite-core-rhel/b485da8d/deployment-repository/target/wildfly-deployment-repository-7.0.0.Alpha3-SNAPSHOT.jar:/home/hudson/hudson_workspace/workspace/eap-7.x-as-testsuite-core-rhel/b485da8d/process-controller/target/wildfly-process-controller-7.0.0.Alpha3-SNAPSHOT.jar:/home/hudson/hudson_workspace/workspace/eap-7.x-as-testsuite-core-rhel/b485da8d/protocol/target/wildfly-protocol-7.0.0.Alpha3-SNAPSHOT.jar:/home/hudson/hudson_workspace/workspace/eap-7.x-as-testsuite-core-rhel/b485da8d/management-client-content/target/wildfly-management-client-content-7.0.0.Alpha3-SNAPSHOT.jar:/home/hudson/hudson_workspace/workspace/eap-7.x-as-testsuite-core-rhel/b485da8d/maven-repo-local/org/jboss/stdio/jboss-stdio/1.0.2.GA/jboss-stdio-1.0.2.GA.jar:/home/hudson/hudson_workspace/workspace/eap-7.x-as-testsuite-core-rhel/b485da8d/maven-repo-local/com/fasterxml/woodstox/woodstox-core/5.0.3/woodstox-core-5.0.3.jar:/home/hudson/hudson_workspace/workspace/eap-7.x-as-testsuite-core-rhel/b485da8d/maven-repo-local/org/codehaus/woodstox/stax2-api/3.1.4/stax2-api-3.1.4.jar:/home/hudson/hudson_workspace/workspace/eap-7.x-as-testsuite-core-rhel/b485da8d/maven-repo-local/xerces/xercesImpl/2.12.0.SP02/xercesImpl-2.12.0.SP02.jar:/home/hudson/hudson_workspace/workspace/eap-7.x-as-testsuite-core-rhel/b485da8d/maven-repo-local/xalan/xalan/2.7.1.jbossorg-2/xalan-2.7.1.jbossorg-2.jar:/home/hudson/hudson_workspace/workspace/eap-7.x-as-testsuite-core-rhel/b485da8d/maven-repo-local/xalan/serializer/2.7.1.jbossorg-2/serializer-2.7.1.jbossorg-2.jar:"/>
    <property name="jboss.options" value="-ea"/>
    <property name="sun.cpu.endian" value="little"/>
    <property name="user.home" value="/home/hudson"/>
    <property name="user.language" value="en"/>
    <property name="java.util.prefs.PreferencesFactory" value="java.util.prefs.FileSystemPreferencesFactory"/>
    <property name="reuseForks" value="false"/>
    <property name="cli.jvm.args" value=""/>
    <property name="java.compiler" value="j9jit29"/>
    <property name="com.ibm.util.extralibs.properties" value=""/>
    <property name="java.awt.graphicsenv" value="sun.awt.X11GraphicsEnvironment"/>
    <property name="com.ibm.oti.configuration" value="scar"/>
    <property name="surefire.real.class.path" value="/home/hudson/hudson_workspace/workspace/eap-7.x-as-testsuite-core-rhel/b485da8d/testsuite/domain/target/surefire/surefirebooter5506957752162913768.jar"/>
    <property name="com.ibm.oti.shared.enabled" value="false"/>
    <property name="com.ibm.oti.vm.bootstrap.library.path" value="/home/hudson/hudson_workspace/workspace/eap-7.x-as-testsuite-core-rhel/b485da8d/tools/java/jre/lib/amd64/compressedrefs:/home/hudson/hudson_workspace/workspace/eap-7.x-as-testsuite-core-rhel/b485da8d/tools/java/jre/lib/amd64"/>
    <property name="jboss.dist" value="/home/hudson/hudson_workspace/workspace/eap-7.x-as-testsuite-core-rhel/b485da8d/testsuite/domain/target/wildfly-core"/>
    <property name="com.ibm.cpu.endian" value="little"/>
    <property name="java.net.preferIPv4Stack" value="true"/>
    <property name="server.jvm.args" value="-Dmaven.repo.local=/home/hudson/hudson_workspace/workspace/eap-7.x-as-testsuite-core-rhel/b485da8d/maven-repo-local -Xmx512m -XX:MetaspaceSize=128m    -Djboss.dist=/home/hudson/hudson_workspace/workspace/eap-7.x-as-testsuite-core-rhel/b485da8d/testsuite/domain/target/wildfly-core  -Djava.net.preferIPv4Stack=true -Djava.net.preferIPv6Addresses=false    -server -Dts.timeout.factor=100 -Djbossas.ts.dir=/home/hudson/hudson_workspace/workspace/eap-7.x-as-testsuite-core-rhel/b485da8d/testsuite/domain/.."/>
    <property name="path.separator" value=":"/>
    <property name="os.version" value="3.10.0-862.el7.x86_64"/>
    <property name="java.endorsed.dirs" value="/home/hudson/hudson_workspace/workspace/eap-7.x-as-testsuite-core-rhel/b485da8d/tools/java/jre/lib/endorsed"/>
    <property name="java.runtime.name" value="Java(TM) SE Runtime Environment"/>
    <property name="ibm.signalhandling.sigint" value="true"/>
    <property name="java.vm.name" value="IBM J9 VM"/>
    <property name="jboss.remoting.leakdebugging" value="false"/>
    <property name="user.dir" value="/home/hudson/hudson_workspace/workspace/eap-7.x-as-testsuite-core-rhel/b485da8d/testsuite/domain"/>
    <property name="os.arch" value="amd64"/>
    <property name="org.jboss.model.test.cache.root" value="[pom.xml,testsuite]"/>
    <property name="ts.timeout.factor" value="100"/>
    <property name="java.util.logging.manager" value="org.jboss.logmanager.LogManager"/>
    <property name="cli.args" value="-Dmaven.repo.local=/home/hudson/hudson_workspace/workspace/eap-7.x-as-testsuite-core-rhel/b485da8d/maven-repo-local"/>
    <property name="java.vm.info" value="JRE 1.8.0 Linux amd64-64-Bit Compressed References 20180731_393394 (JIT enabled, AOT enabled)&#10;OpenJ9   - bd23af8&#10;OMR      - ca1411c&#10;IBM      - 98805ca"/>
    <property name="java.vm.version" value="2.9"/>
    <property name="com.ibm.jcl.checkClassPath" value=""/>
    <property name="java.ext.dirs" value="/home/hudson/hudson_workspace/workspace/eap-7.x-as-testsuite-core-rhel/b485da8d/tools/java/jre/lib/ext"/>
    <property name="management.address" value="127.0.0.1"/>
    <property name="java.class.version" value="52.0"/>
  </properties>
  <testcase name="testAuditor" classname="org.jboss.as.test.integration.domain.rbac.PropertiesRoleMappingStandardRolesTestCase" time="1.168"/>
  <testcase name="testOperator" classname="org.jboss.as.test.integration.domain.rbac.PropertiesRoleMappingStandardRolesTestCase" time="3.628"/>
  <testcase name="testSuperUser" classname="org.jboss.as.test.integration.domain.rbac.PropertiesRoleMappingStandardRolesTestCase" time="0.869"/>
  <testcase name="testMaintainer" classname="org.jboss.as.test.integration.domain.rbac.PropertiesRoleMappingStandardRolesTestCase" time="0.632"/>
  <testcase name="testMonitor" classname="org.jboss.as.test.integration.domain.rbac.PropertiesRoleMappingStandardRolesTestCase" time="0.22"/>
  <testcase name="testAdministrator" classname="org.jboss.as.test.integration.domain.rbac.PropertiesRoleMappingStandardRolesTestCase" time="0.853"/>
  <testcase name="testDeployer" classname="org.jboss.as.test.integration.domain.rbac.PropertiesRoleMappingStandardRolesTestCase" time="0.478"/>
</testsuite>